

Working Directory = /home/josee767/ee478/capstone/sobel_accelerator/build/syn-rundir
QoS Summary for sobel_top
================================================================================
Metric                          final          
================================================================================
Slack (ps):                       388
  R2R (ps):                       388
  I2R (ps):                  no_value
  R2O (ps):                  no_value
  I2O (ps):                  no_value
  CG  (ps):                     9,126
TNS (ps):                           0
  R2R (ps):                         0
  I2R (ps):                  no_value
  R2O (ps):                  no_value
  I2O (ps):                  no_value
  CG  (ps):                         0
Failing Paths:                      0
Cell Area:                     72,814
Total Cell Area:               72,814
Leaf Instances:                 5,296
Total Instances:                5,296
Utilization (%):                 0.00
Tot. Net Length (um):        no_value
Avg. Net Length (um):        no_value
Route Overflow H (%):        no_value
Route Overflow V (%):        no_value
MBCI(%) (bits/gate) :            0.00
Norm Cong Hotspot Area:
  Max Cong:                  no_value
  Tot Cong:                  no_value
================================================================================
CPU  Runtime (h:m:s):        00:01:03
Real Runtime (h:m:s):        00:00:45
CPU  Elapsed (h:m:s):        00:01:05
Real Elapsed (h:m:s):        00:00:46
Memory (MB):                  1335.46
================================================================================
================================================================================
Flow Settings:
================================================================================
Total Runtime (h:m:s): 00:00:45
Total Memory (MB):     1335.46
Executable Version:    21.12-s068_1
================================================================================
Total Cell Area =  Cell Area + Physical Cell Area
Total Instances =  Leaf Instances + Physical Instances


