============================================================
  Generated by:           Genus(TM) Synthesis Solution 21.12-s068_1
  Generated on:           Apr 30 2026  10:51:20 pm
  Module:                 sobel_top
  Library domain:         ss_100C_1v60.setup_cond
    Domain index:         0
    Technology library:   sky130_fd_sc_hd__ss_100C_1v60 1.0000000000
  Operating conditions:   ss_100C_1v60 
  Interconnect mode:      global
  Area mode:              physical library
============================================================

                                                   Leakage                                   Library 
           Gate             Instances    Area    Power (nW)              Library              Domain 
-----------------------------------------------------------------------------------------------------
sky130_fd_sc_hd__a2111o_1           7     78.826     27.014    sky130_fd_sc_hd__ss_100C_1v60       0 
sky130_fd_sc_hd__a2111oi_0         14    122.618     18.476    sky130_fd_sc_hd__ss_100C_1v60       0 
sky130_fd_sc_hd__a211o_1            4     35.034     33.615    sky130_fd_sc_hd__ss_100C_1v60       0 
sky130_fd_sc_hd__a211oi_1           7     52.550     16.535    sky130_fd_sc_hd__ss_100C_1v60       0 
sky130_fd_sc_hd__a21o_1             4     30.029     21.236    sky130_fd_sc_hd__ss_100C_1v60       0 
sky130_fd_sc_hd__a21oi_1           41    205.197     64.261    sky130_fd_sc_hd__ss_100C_1v60       0 
sky130_fd_sc_hd__a221o_1           20    200.192     83.608    sky130_fd_sc_hd__ss_100C_1v60       0 
sky130_fd_sc_hd__a221oi_1          27    236.477     34.751    sky130_fd_sc_hd__ss_100C_1v60       0 
sky130_fd_sc_hd__a222oi_1         278   2782.669    368.276    sky130_fd_sc_hd__ss_100C_1v60       0 
sky130_fd_sc_hd__a22o_1            28    245.235    109.810    sky130_fd_sc_hd__ss_100C_1v60       0 
sky130_fd_sc_hd__a22oi_1           28    210.202     11.583    sky130_fd_sc_hd__ss_100C_1v60       0 
sky130_fd_sc_hd__a2bb2oi_1         26    227.718     56.778    sky130_fd_sc_hd__ss_100C_1v60       0 
sky130_fd_sc_hd__a31oi_1            3     18.768      2.811    sky130_fd_sc_hd__ss_100C_1v60       0 
sky130_fd_sc_hd__a31oi_2            2     25.024      5.908    sky130_fd_sc_hd__ss_100C_1v60       0 
sky130_fd_sc_hd__and2_1            13     81.328     51.845    sky130_fd_sc_hd__ss_100C_1v60       0 
sky130_fd_sc_hd__and2_2             1      7.507      5.197    sky130_fd_sc_hd__ss_100C_1v60       0 
sky130_fd_sc_hd__and2_4             1      8.758      6.840    sky130_fd_sc_hd__ss_100C_1v60       0 
sky130_fd_sc_hd__and2b_4            3     30.029     21.943    sky130_fd_sc_hd__ss_100C_1v60       0 
sky130_fd_sc_hd__and3_1            49    306.544    271.659    sky130_fd_sc_hd__ss_100C_1v60       0 
sky130_fd_sc_hd__and3b_1            1      8.758      7.622    sky130_fd_sc_hd__ss_100C_1v60       0 
sky130_fd_sc_hd__buf_1              1      3.754      4.394    sky130_fd_sc_hd__ss_100C_1v60       0 
sky130_fd_sc_hd__buf_12             1     20.019     17.478    sky130_fd_sc_hd__ss_100C_1v60       0 
sky130_fd_sc_hd__buf_4              3     22.522     21.448    sky130_fd_sc_hd__ss_100C_1v60       0 
sky130_fd_sc_hd__buf_6             18    202.694    172.701    sky130_fd_sc_hd__ss_100C_1v60       0 
sky130_fd_sc_hd__buf_8              1     15.014     12.510    sky130_fd_sc_hd__ss_100C_1v60       0 
sky130_fd_sc_hd__clkbuf_1          27    101.347    118.627    sky130_fd_sc_hd__ss_100C_1v60       0 
sky130_fd_sc_hd__clkbuf_16          1     25.024     18.020    sky130_fd_sc_hd__ss_100C_1v60       0 
sky130_fd_sc_hd__clkbuf_2          42    210.202    218.425    sky130_fd_sc_hd__ss_100C_1v60       0 
sky130_fd_sc_hd__clkinv_1          53    198.941    197.766    sky130_fd_sc_hd__ss_100C_1v60       0 
sky130_fd_sc_hd__clkinv_2           7     35.034     48.179    sky130_fd_sc_hd__ss_100C_1v60       0 
sky130_fd_sc_hd__clkinv_4           2     17.517     12.250    sky130_fd_sc_hd__ss_100C_1v60       0 
sky130_fd_sc_hd__clkinv_8           1     16.266     13.640    sky130_fd_sc_hd__ss_100C_1v60       0 
sky130_fd_sc_hd__conb_1           308   1156.109      0.934    sky130_fd_sc_hd__ss_100C_1v60       0 
sky130_fd_sc_hd__dfxbp_1            6    142.637    113.481    sky130_fd_sc_hd__ss_100C_1v60       0 
sky130_fd_sc_hd__dfxtp_1         2232  44682.854  31545.923    sky130_fd_sc_hd__ss_100C_1v60       0 
sky130_fd_sc_hd__dfxtp_2            1     21.270     15.125    sky130_fd_sc_hd__ss_100C_1v60       0 
sky130_fd_sc_hd__fa_1              62   1241.190    615.909    sky130_fd_sc_hd__ss_100C_1v60       0 
sky130_fd_sc_hd__fa_2               4     90.086     42.079    sky130_fd_sc_hd__ss_100C_1v60       0 
sky130_fd_sc_hd__fah_1              2     67.565     59.084    sky130_fd_sc_hd__ss_100C_1v60       0 
sky130_fd_sc_hd__ha_1              12    150.144    123.492    sky130_fd_sc_hd__ss_100C_1v60       0 
sky130_fd_sc_hd__inv_1             28    105.101     87.742    sky130_fd_sc_hd__ss_100C_1v60       0 
sky130_fd_sc_hd__inv_12             1     16.266     13.258    sky130_fd_sc_hd__ss_100C_1v60       0 
sky130_fd_sc_hd__inv_2            133    499.229    448.623    sky130_fd_sc_hd__ss_100C_1v60       0 
sky130_fd_sc_hd__inv_4              8     50.048     41.476    sky130_fd_sc_hd__ss_100C_1v60       0 
sky130_fd_sc_hd__inv_6              5     43.792     29.998    sky130_fd_sc_hd__ss_100C_1v60       0 
sky130_fd_sc_hd__inv_8              8     90.086     66.123    sky130_fd_sc_hd__ss_100C_1v60       0 
sky130_fd_sc_hd__maj3_1             1     10.010      3.605    sky130_fd_sc_hd__ss_100C_1v60       0 
sky130_fd_sc_hd__mux2_2           272   3062.938   1794.895    sky130_fd_sc_hd__ss_100C_1v60       0 
sky130_fd_sc_hd__mux2i_1           25    250.240    178.447    sky130_fd_sc_hd__ss_100C_1v60       0 
sky130_fd_sc_hd__mux2i_2            1     13.763      3.094    sky130_fd_sc_hd__ss_100C_1v60       0 
sky130_fd_sc_hd__mux2i_4            1     22.522      5.337    sky130_fd_sc_hd__ss_100C_1v60       0 
sky130_fd_sc_hd__mux4_2           216   4864.666   2394.856    sky130_fd_sc_hd__ss_100C_1v60       0 
sky130_fd_sc_hd__nand2_1           74    277.766    117.143    sky130_fd_sc_hd__ss_100C_1v60       0 
sky130_fd_sc_hd__nand2b_1          40    250.240    146.872    sky130_fd_sc_hd__ss_100C_1v60       0 
sky130_fd_sc_hd__nand3_1            1      5.005      0.027    sky130_fd_sc_hd__ss_100C_1v60       0 
sky130_fd_sc_hd__nand3b_1           2     15.014      4.946    sky130_fd_sc_hd__ss_100C_1v60       0 
sky130_fd_sc_hd__nand4_1            1      6.256      0.021    sky130_fd_sc_hd__ss_100C_1v60       0 
sky130_fd_sc_hd__nor2_1           322   1208.659    713.673    sky130_fd_sc_hd__ss_100C_1v60       0 
sky130_fd_sc_hd__nor2_2             5     31.280     13.275    sky130_fd_sc_hd__ss_100C_1v60       0 
sky130_fd_sc_hd__nor2b_1           79    494.224    227.380    sky130_fd_sc_hd__ss_100C_1v60       0 
sky130_fd_sc_hd__nor3_1            28    140.134     28.769    sky130_fd_sc_hd__ss_100C_1v60       0 
sky130_fd_sc_hd__nor3b_1            9     67.565     13.017    sky130_fd_sc_hd__ss_100C_1v60       0 
sky130_fd_sc_hd__nor4_1             2     12.512      1.912    sky130_fd_sc_hd__ss_100C_1v60       0 
sky130_fd_sc_hd__o2111ai_1          7     61.309     15.447    sky130_fd_sc_hd__ss_100C_1v60       0 
sky130_fd_sc_hd__o21a_1             2     15.014      6.300    sky130_fd_sc_hd__ss_100C_1v60       0 
sky130_fd_sc_hd__o21ai_1          162    810.778    375.812    sky130_fd_sc_hd__ss_100C_1v60       0 
sky130_fd_sc_hd__o21ai_2            1      8.758      3.141    sky130_fd_sc_hd__ss_100C_1v60       0 
sky130_fd_sc_hd__o21bai_1           1      7.507      3.169    sky130_fd_sc_hd__ss_100C_1v60       0 
sky130_fd_sc_hd__o221a_1            5     56.304     16.818    sky130_fd_sc_hd__ss_100C_1v60       0 
sky130_fd_sc_hd__o221ai_1          31    271.510     66.829    sky130_fd_sc_hd__ss_100C_1v60       0 
sky130_fd_sc_hd__o22a_1             5     43.792      5.005    sky130_fd_sc_hd__ss_100C_1v60       0 
sky130_fd_sc_hd__o22ai_1          114    713.184    149.575    sky130_fd_sc_hd__ss_100C_1v60       0 
sky130_fd_sc_hd__o2bb2a_1           1     10.010      4.136    sky130_fd_sc_hd__ss_100C_1v60       0 
sky130_fd_sc_hd__o2bb2ai_1         11     96.342     16.546    sky130_fd_sc_hd__ss_100C_1v60       0 
sky130_fd_sc_hd__o311a_1            4     40.038     17.402    sky130_fd_sc_hd__ss_100C_1v60       0 
sky130_fd_sc_hd__o311ai_1           9     78.826      6.558    sky130_fd_sc_hd__ss_100C_1v60       0 
sky130_fd_sc_hd__o31ai_1            3     22.522      6.084    sky130_fd_sc_hd__ss_100C_1v60       0 
sky130_fd_sc_hd__o32a_1             3     30.029      9.083    sky130_fd_sc_hd__ss_100C_1v60       0 
sky130_fd_sc_hd__o32ai_1            2     17.517      4.359    sky130_fd_sc_hd__ss_100C_1v60       0 
sky130_fd_sc_hd__or2_1              2     12.512      6.864    sky130_fd_sc_hd__ss_100C_1v60       0 
sky130_fd_sc_hd__or2_2              1      6.256      4.658    sky130_fd_sc_hd__ss_100C_1v60       0 
sky130_fd_sc_hd__or3_1              4     25.024      6.305    sky130_fd_sc_hd__ss_100C_1v60       0 
sky130_fd_sc_hd__or3b_1             2     17.517      2.457    sky130_fd_sc_hd__ss_100C_1v60       0 
sky130_fd_sc_hd__or3b_2             2     17.517      6.257    sky130_fd_sc_hd__ss_100C_1v60       0 
sky130_fd_sc_hd__or4_1              3     22.522     10.563    sky130_fd_sc_hd__ss_100C_1v60       0 
sky130_fd_sc_hd__sdlclkp_1        277   5198.736   4382.392    sky130_fd_sc_hd__ss_100C_1v60       0 
sky130_fd_sc_hd__xnor2_1           23    201.443     64.732    sky130_fd_sc_hd__ss_100C_1v60       0 
sky130_fd_sc_hd__xor2_1            18    157.651     89.681    sky130_fd_sc_hd__ss_100C_1v60       0 
-----------------------------------------------------------------------------------------------------
total                            5296  72813.584  46205.893                                  


                                                          Leakage  Leakage 
            Type             Instances    Area   Area % Power (nW) Power % 
---------------------------------------------------------------------------
sequential                        2239 44846.762   61.6  31674.530    68.6 
inverter                           246  1072.278    1.5    959.054     2.1 
buffer                              94   600.576    0.8    583.603     1.3 
clock_gating_integrated_cell       277  5198.736    7.1   4382.392     9.5 
logic                             2440 21095.232   29.0   8606.314    18.6 
physical_cells                       0     0.000    0.0      0.000     0.0 
---------------------------------------------------------------------------
total                             5296 72813.584  100.0  46205.893   100.0 

