============================================================
  Generated by:           Genus(TM) Synthesis Solution 21.12-s068_1
  Generated on:           Apr 30 2026  10:51:19 pm
  Module:                 sobel_top
  Library domain:         ss_100C_1v60.setup_cond
    Domain index:         0
    Technology library:   sky130_fd_sc_hd__ss_100C_1v60 1.0000000000
  Operating conditions:   ss_100C_1v60 
  Interconnect mode:      global
  Area mode:              physical library
============================================================

Timing
--------

     Analysis view      Clock  Period 
--------------------------------------
ss_100C_1v60.setup_view clk   15000.0 


        Analysis                Cost         Critical        Violating 
          View                 Group        Path Slack  TNS    Paths   
-----------------------------------------------------------------------
ss_100C_1v60.setup_view cg_enable_group_clk     9125.5  0.0          0 
                                        clk      388.3  0.0          0 
                                    default   No paths  0.0          0 
-----------------------------------------------------------------------
Total                                                  -0.0          0 
                                                                       

Instance Count
--------------
Leaf Instance Count             5296 
Physical Instance count            0 
Sequential Instance Count       2516 
Combinational Instance Count    2780 
Hierarchical Instance Count      281 

Area
----
Cell Area                          72813.584
Physical Cell Area                 0.000
Total Cell Area (Cell+Physical)    72813.584
Net Area                           26931.526
Total Area (Cell+Physical+Net)     99745.110

Runtime                            0.0 seconds
Elapsed Runtime                    48 seconds
Genus peak memory usage            1335.46 
Innovus peak memory usage          no_value 
Hostname                           linux-lab-107.ece.uw.edu
