version: (200506)

available memory: 64M bytes
used memory: 147456 bytes [need 144K bytes if disable swap]

used block: 4 [memory(4) file(0)]
                 [ 8K(2) 64K(2) { total 144K bytes } ]
overhead: (9538) bytes for (4) blocks [Average: (2384) bytes/block]

write  => 0(times) 0K(bytes) [0K bytes to file]
read   => 2(times) 30K(bytes) [5K bytes compressed data from file]
access => 56172(times) 442M(bytes)
          [hit ratio: 99.9964%]

time: write(0) read(0)  unit: second

swap file directory: (/home/josee767/ee478/capstone/sobel_accelerator/verdiLog)
used swap file number: (3)



swap file manager:
arrSize: (256)
idxCnt: (4)
closeHead: (1)
closeTail: (3)
openCnt: (3)
fid(3): fd(1073741825) fileName(/home/josee767/ee478/capstone/sobel_accelerator/build/sim-rtl-rundir/simv.daidir/kdb.elab++/work.lib++/sobel_gradient.v.tdc)
	size(2805) lastModTime(1778551591) curModTime(1778551591)
	mode(rb)	hot(0) cool(2) pos(0)
fid(2): fd(26) fileName(/home/josee767/ee478/capstone/sobel_accelerator/verdiLog/_swap_0001#-1626706976#1244641)
	size(0) lastModTime(0) curModTime(1778551611)
	mode(w+b)	hot(3) cool(1) pos(0)
fid(1): fd(1073741824) fileName(/home/josee767/ee478/capstone/sobel_accelerator/build/sim-rtl-rundir/simv.daidir/kdb.elab++/work.lib++/sobel_tb.v.tdc)
	size(6757) lastModTime(1778551591) curModTime(1778551591)
	mode(rb)	hot(2) cool(0) pos(0)
fid(0): fd(0) fileName(NULL)
	mode(NULL)	hot(0) cool(0) pos(0)
==================================================
mySelf(17bae6e0) pre(16a67f80) next(0)
version(200506)
date(May 19 2020 02:48:24)
