Hinst Name                        Module Name                                       Inst Count           Total Area               Buffer             Inverter        Combinational                 Flop                Latch           Clock Gate                Macro             Physical
----------------------------------------------------------------------------------------------------------------------------------------------------------------------------------------------------------------------------------------------------------------------------------------------------
sobel_top                                                                                 5442            74231.194             1866.790              818.285            21077.715            50468.403                0.000             5621.642                0.000                0.000
 img_in                           image_input_IMAGE_WIDTH128_IMAGE_HEIGHT128_mapped        120             1109.814               82.579               33.782              431.664              561.789                0.000               41.290                0.000                0.000
  img_in/CLKGATE_RC_CG_HIER_INST0 CLKGATE_RC_CG_MOD_mapped                                   1               18.768                0.000                0.000                0.000               18.768                0.000               18.768                0.000                0.000
  img_in/CLKGATE_RC_CG_HIER_INST1 CLKGATE_RC_CG_MOD_1_mapped                                 1               22.522                0.000                0.000                0.000               22.522                0.000               22.522                0.000                0.000
 lb                               line_buffer_IMAGE_WIDTH128_IMAGE_HEIGHT128_mapped       4958            69927.066             1727.907              454.186            18118.627            49626.346                0.000             5580.352                0.000                0.000
  lb/CLKGATE_RC_CG_HIER_INST10    CLKGATE_RC_CG_MOD_10_mapped                                1               20.019                0.000                0.000                0.000               20.019                0.000               20.019                0.000                0.000
  lb/CLKGATE_RC_CG_HIER_INST100   CLKGATE_RC_CG_MOD_100_mapped                               1               20.019                0.000                0.000                0.000               20.019                0.000               20.019                0.000                0.000
  lb/CLKGATE_RC_CG_HIER_INST101   CLKGATE_RC_CG_MOD_101_mapped                               2               23.773                3.754                0.000                0.000               20.019                0.000               20.019                0.000                0.000
  lb/CLKGATE_RC_CG_HIER_INST102   CLKGATE_RC_CG_MOD_102_mapped                               1               20.019                0.000                0.000                0.000               20.019                0.000               20.019                0.000                0.000
  lb/CLKGATE_RC_CG_HIER_INST103   CLKGATE_RC_CG_MOD_103_mapped                               1               20.019                0.000                0.000                0.000               20.019                0.000               20.019                0.000                0.000
  lb/CLKGATE_RC_CG_HIER_INST104   CLKGATE_RC_CG_MOD_104_mapped                               1               20.019                0.000                0.000                0.000               20.019                0.000               20.019                0.000                0.000
  lb/CLKGATE_RC_CG_HIER_INST105   CLKGATE_RC_CG_MOD_105_mapped                               1               20.019                0.000                0.000                0.000               20.019                0.000               20.019                0.000                0.000
  lb/CLKGATE_RC_CG_HIER_INST106   CLKGATE_RC_CG_MOD_106_mapped                               1               20.019                0.000                0.000                0.000               20.019                0.000               20.019                0.000                0.000
  lb/CLKGATE_RC_CG_HIER_INST107   CLKGATE_RC_CG_MOD_107_mapped                               1               20.019                0.000                0.000                0.000               20.019                0.000               20.019                0.000                0.000
  lb/CLKGATE_RC_CG_HIER_INST108   CLKGATE_RC_CG_MOD_108_mapped                               1               20.019                0.000                0.000                0.000               20.019                0.000               20.019                0.000                0.000
  lb/CLKGATE_RC_CG_HIER_INST109   CLKGATE_RC_CG_MOD_109_mapped                               1               20.019                0.000                0.000                0.000               20.019                0.000               20.019                0.000                0.000
  lb/CLKGATE_RC_CG_HIER_INST11    CLKGATE_RC_CG_MOD_11_mapped                                1               22.522                0.000                0.000                0.000               22.522                0.000               22.522                0.000                0.000
  lb/CLKGATE_RC_CG_HIER_INST110   CLKGATE_RC_CG_MOD_110_mapped                               1               20.019                0.000                0.000                0.000               20.019                0.000               20.019                0.000                0.000
  lb/CLKGATE_RC_CG_HIER_INST111   CLKGATE_RC_CG_MOD_111_mapped                               2               23.773                3.754                0.000                0.000               20.019                0.000               20.019                0.000                0.000
  lb/CLKGATE_RC_CG_HIER_INST112   CLKGATE_RC_CG_MOD_112_mapped                               1               20.019                0.000                0.000                0.000               20.019                0.000               20.019                0.000                0.000
  lb/CLKGATE_RC_CG_HIER_INST113   CLKGATE_RC_CG_MOD_113_mapped                               1               20.019                0.000                0.000                0.000               20.019                0.000               20.019                0.000                0.000
  lb/CLKGATE_RC_CG_HIER_INST114   CLKGATE_RC_CG_MOD_114_mapped                               1               20.019                0.000                0.000                0.000               20.019                0.000               20.019                0.000                0.000
  lb/CLKGATE_RC_CG_HIER_INST115   CLKGATE_RC_CG_MOD_115_mapped                               1               20.019                0.000                0.000                0.000               20.019                0.000               20.019                0.000                0.000
  lb/CLKGATE_RC_CG_HIER_INST116   CLKGATE_RC_CG_MOD_116_mapped                               1               22.522                0.000                0.000                0.000               22.522                0.000               22.522                0.000                0.000
  lb/CLKGATE_RC_CG_HIER_INST117   CLKGATE_RC_CG_MOD_117_mapped                               2               23.773                3.754                0.000                0.000               20.019                0.000               20.019                0.000                0.000
  lb/CLKGATE_RC_CG_HIER_INST118   CLKGATE_RC_CG_MOD_118_mapped                               1               20.019                0.000                0.000                0.000               20.019                0.000               20.019                0.000                0.000
  lb/CLKGATE_RC_CG_HIER_INST119   CLKGATE_RC_CG_MOD_119_mapped                               1               20.019                0.000                0.000                0.000               20.019                0.000               20.019                0.000                0.000
  lb/CLKGATE_RC_CG_HIER_INST12    CLKGATE_RC_CG_MOD_12_mapped                                1               20.019                0.000                0.000                0.000               20.019                0.000               20.019                0.000                0.000
  lb/CLKGATE_RC_CG_HIER_INST120   CLKGATE_RC_CG_MOD_120_mapped                               1               20.019                0.000                0.000                0.000               20.019                0.000               20.019                0.000                0.000
  lb/CLKGATE_RC_CG_HIER_INST121   CLKGATE_RC_CG_MOD_121_mapped                               1               20.019                0.000                0.000                0.000               20.019                0.000               20.019                0.000                0.000
  lb/CLKGATE_RC_CG_HIER_INST122   CLKGATE_RC_CG_MOD_122_mapped                               1               20.019                0.000                0.000                0.000               20.019                0.000               20.019                0.000                0.000
  lb/CLKGATE_RC_CG_HIER_INST123   CLKGATE_RC_CG_MOD_123_mapped                               2               23.773                3.754                0.000                0.000               20.019                0.000               20.019                0.000                0.000
  lb/CLKGATE_RC_CG_HIER_INST124   CLKGATE_RC_CG_MOD_124_mapped                               1               20.019                0.000                0.000                0.000               20.019                0.000               20.019                0.000                0.000
  lb/CLKGATE_RC_CG_HIER_INST125   CLKGATE_RC_CG_MOD_125_mapped                               2               23.773                3.754                0.000                0.000               20.019                0.000               20.019                0.000                0.000
  lb/CLKGATE_RC_CG_HIER_INST126   CLKGATE_RC_CG_MOD_126_mapped                               1               22.522                0.000                0.000                0.000               22.522                0.000               22.522                0.000                0.000
  lb/CLKGATE_RC_CG_HIER_INST127   CLKGATE_RC_CG_MOD_127_mapped                               1               20.019                0.000                0.000                0.000               20.019                0.000               20.019                0.000                0.000
  lb/CLKGATE_RC_CG_HIER_INST128   CLKGATE_RC_CG_MOD_128_mapped                               1               22.522                0.000                0.000                0.000               22.522                0.000               22.522                0.000                0.000
  lb/CLKGATE_RC_CG_HIER_INST129   CLKGATE_RC_CG_MOD_129_mapped                               1               20.019                0.000                0.000                0.000               20.019                0.000               20.019                0.000                0.000
  lb/CLKGATE_RC_CG_HIER_INST13    CLKGATE_RC_CG_MOD_13_mapped                                1               20.019                0.000                0.000                0.000               20.019                0.000               20.019                0.000                0.000
  lb/CLKGATE_RC_CG_HIER_INST130   CLKGATE_RC_CG_MOD_130_mapped                               1               22.522                0.000                0.000                0.000               22.522                0.000               22.522                0.000                0.000
  lb/CLKGATE_RC_CG_HIER_INST131   CLKGATE_RC_CG_MOD_131_mapped                               1               20.019                0.000                0.000                0.000               20.019                0.000               20.019                0.000                0.000
  lb/CLKGATE_RC_CG_HIER_INST132   CLKGATE_RC_CG_MOD_132_mapped                               1               20.019                0.000                0.000                0.000               20.019                0.000               20.019                0.000                0.000
  lb/CLKGATE_RC_CG_HIER_INST133   CLKGATE_RC_CG_MOD_133_mapped                               1               20.019                0.000                0.000                0.000               20.019                0.000               20.019                0.000                0.000
  lb/CLKGATE_RC_CG_HIER_INST134   CLKGATE_RC_CG_MOD_134_mapped                               1               20.019                0.000                0.000                0.000               20.019                0.000               20.019                0.000                0.000
  lb/CLKGATE_RC_CG_HIER_INST135   CLKGATE_RC_CG_MOD_135_mapped                               1               20.019                0.000                0.000                0.000               20.019                0.000               20.019                0.000                0.000
  lb/CLKGATE_RC_CG_HIER_INST136   CLKGATE_RC_CG_MOD_136_mapped                               1               20.019                0.000                0.000                0.000               20.019                0.000               20.019                0.000                0.000
  lb/CLKGATE_RC_CG_HIER_INST137   CLKGATE_RC_CG_MOD_137_mapped                               1               20.019                0.000                0.000                0.000               20.019                0.000               20.019                0.000                0.000
  lb/CLKGATE_RC_CG_HIER_INST138   CLKGATE_RC_CG_MOD_138_mapped                               1               20.019                0.000                0.000                0.000               20.019                0.000               20.019                0.000                0.000
  lb/CLKGATE_RC_CG_HIER_INST139   CLKGATE_RC_CG_MOD_139_mapped                               1               20.019                0.000                0.000                0.000               20.019                0.000               20.019                0.000                0.000
  lb/CLKGATE_RC_CG_HIER_INST14    CLKGATE_RC_CG_MOD_14_mapped                                1               20.019                0.000                0.000                0.000               20.019                0.000               20.019                0.000                0.000
  lb/CLKGATE_RC_CG_HIER_INST140   CLKGATE_RC_CG_MOD_140_mapped                               1               22.522                0.000                0.000                0.000               22.522                0.000               22.522                0.000                0.000
  lb/CLKGATE_RC_CG_HIER_INST141   CLKGATE_RC_CG_MOD_141_mapped                               1               22.522                0.000                0.000                0.000               22.522                0.000               22.522                0.000                0.000
  lb/CLKGATE_RC_CG_HIER_INST142   CLKGATE_RC_CG_MOD_142_mapped                               1               20.019                0.000                0.000                0.000               20.019                0.000               20.019                0.000                0.000
  lb/CLKGATE_RC_CG_HIER_INST143   CLKGATE_RC_CG_MOD_143_mapped                               1               20.019                0.000                0.000                0.000               20.019                0.000               20.019                0.000                0.000
  lb/CLKGATE_RC_CG_HIER_INST144   CLKGATE_RC_CG_MOD_144_mapped                               1               20.019                0.000                0.000                0.000               20.019                0.000               20.019                0.000                0.000
  lb/CLKGATE_RC_CG_HIER_INST145   CLKGATE_RC_CG_MOD_145_mapped                               1               20.019                0.000                0.000                0.000               20.019                0.000               20.019                0.000                0.000
  lb/CLKGATE_RC_CG_HIER_INST146   CLKGATE_RC_CG_MOD_146_mapped                               1               20.019                0.000                0.000                0.000               20.019                0.000               20.019                0.000                0.000
  lb/CLKGATE_RC_CG_HIER_INST147   CLKGATE_RC_CG_MOD_147_mapped                               1               20.019                0.000                0.000                0.000               20.019                0.000               20.019                0.000                0.000
  lb/CLKGATE_RC_CG_HIER_INST148   CLKGATE_RC_CG_MOD_148_mapped                               1               20.019                0.000                0.000                0.000               20.019                0.000               20.019                0.000                0.000
  lb/CLKGATE_RC_CG_HIER_INST149   CLKGATE_RC_CG_MOD_149_mapped                               1               20.019                0.000                0.000                0.000               20.019                0.000               20.019                0.000                0.000
  lb/CLKGATE_RC_CG_HIER_INST15    CLKGATE_RC_CG_MOD_15_mapped                                1               20.019                0.000                0.000                0.000               20.019                0.000               20.019                0.000                0.000
  lb/CLKGATE_RC_CG_HIER_INST150   CLKGATE_RC_CG_MOD_150_mapped                               1               20.019                0.000                0.000                0.000               20.019                0.000               20.019                0.000                0.000
  lb/CLKGATE_RC_CG_HIER_INST151   CLKGATE_RC_CG_MOD_151_mapped                               1               20.019                0.000                0.000                0.000               20.019                0.000               20.019                0.000                0.000
  lb/CLKGATE_RC_CG_HIER_INST152   CLKGATE_RC_CG_MOD_152_mapped                               1               20.019                0.000                0.000                0.000               20.019                0.000               20.019                0.000                0.000
  lb/CLKGATE_RC_CG_HIER_INST153   CLKGATE_RC_CG_MOD_153_mapped                               1               20.019                0.000                0.000                0.000               20.019                0.000               20.019                0.000                0.000
  lb/CLKGATE_RC_CG_HIER_INST154   CLKGATE_RC_CG_MOD_154_mapped                               1               20.019                0.000                0.000                0.000               20.019                0.000               20.019                0.000                0.000
  lb/CLKGATE_RC_CG_HIER_INST155   CLKGATE_RC_CG_MOD_155_mapped                               1               22.522                0.000                0.000                0.000               22.522                0.000               22.522                0.000                0.000
  lb/CLKGATE_RC_CG_HIER_INST156   CLKGATE_RC_CG_MOD_156_mapped                               1               22.522                0.000                0.000                0.000               22.522                0.000               22.522                0.000                0.000
  lb/CLKGATE_RC_CG_HIER_INST157   CLKGATE_RC_CG_MOD_157_mapped                               1               20.019                0.000                0.000                0.000               20.019                0.000               20.019                0.000                0.000
  lb/CLKGATE_RC_CG_HIER_INST158   CLKGATE_RC_CG_MOD_158_mapped                               1               20.019                0.000                0.000                0.000               20.019                0.000               20.019                0.000                0.000
  lb/CLKGATE_RC_CG_HIER_INST159   CLKGATE_RC_CG_MOD_159_mapped                               1               20.019                0.000                0.000                0.000               20.019                0.000               20.019                0.000                0.000
  lb/CLKGATE_RC_CG_HIER_INST16    CLKGATE_RC_CG_MOD_16_mapped                                1               20.019                0.000                0.000                0.000               20.019                0.000               20.019                0.000                0.000
  lb/CLKGATE_RC_CG_HIER_INST160   CLKGATE_RC_CG_MOD_160_mapped                               1               20.019                0.000                0.000                0.000               20.019                0.000               20.019                0.000                0.000
  lb/CLKGATE_RC_CG_HIER_INST161   CLKGATE_RC_CG_MOD_161_mapped                               1               20.019                0.000                0.000                0.000               20.019                0.000               20.019                0.000                0.000
  lb/CLKGATE_RC_CG_HIER_INST162   CLKGATE_RC_CG_MOD_162_mapped                               1               20.019                0.000                0.000                0.000               20.019                0.000               20.019                0.000                0.000
  lb/CLKGATE_RC_CG_HIER_INST163   CLKGATE_RC_CG_MOD_163_mapped                               1               20.019                0.000                0.000                0.000               20.019                0.000               20.019                0.000                0.000
  lb/CLKGATE_RC_CG_HIER_INST164   CLKGATE_RC_CG_MOD_164_mapped                               1               20.019                0.000                0.000                0.000               20.019                0.000               20.019                0.000                0.000
  lb/CLKGATE_RC_CG_HIER_INST165   CLKGATE_RC_CG_MOD_165_mapped                               1               22.522                0.000                0.000                0.000               22.522                0.000               22.522                0.000                0.000
  lb/CLKGATE_RC_CG_HIER_INST166   CLKGATE_RC_CG_MOD_166_mapped                               1               20.019                0.000                0.000                0.000               20.019                0.000               20.019                0.000                0.000
  lb/CLKGATE_RC_CG_HIER_INST167   CLKGATE_RC_CG_MOD_167_mapped                               1               22.522                0.000                0.000                0.000               22.522                0.000               22.522                0.000                0.000
  lb/CLKGATE_RC_CG_HIER_INST168   CLKGATE_RC_CG_MOD_168_mapped                               1               20.019                0.000                0.000                0.000               20.019                0.000               20.019                0.000                0.000
  lb/CLKGATE_RC_CG_HIER_INST169   CLKGATE_RC_CG_MOD_169_mapped                               1               20.019                0.000                0.000                0.000               20.019                0.000               20.019                0.000                0.000
  lb/CLKGATE_RC_CG_HIER_INST17    CLKGATE_RC_CG_MOD_17_mapped                                1               20.019                0.000                0.000                0.000               20.019                0.000               20.019                0.000                0.000
  lb/CLKGATE_RC_CG_HIER_INST170   CLKGATE_RC_CG_MOD_170_mapped                               1               22.522                0.000                0.000                0.000               22.522                0.000               22.522                0.000                0.000
  lb/CLKGATE_RC_CG_HIER_INST171   CLKGATE_RC_CG_MOD_171_mapped                               1               20.019                0.000                0.000                0.000               20.019                0.000               20.019                0.000                0.000
  lb/CLKGATE_RC_CG_HIER_INST172   CLKGATE_RC_CG_MOD_172_mapped                               1               20.019                0.000                0.000                0.000               20.019                0.000               20.019                0.000                0.000
  lb/CLKGATE_RC_CG_HIER_INST173   CLKGATE_RC_CG_MOD_173_mapped                               1               20.019                0.000                0.000                0.000               20.019                0.000               20.019                0.000                0.000
  lb/CLKGATE_RC_CG_HIER_INST174   CLKGATE_RC_CG_MOD_174_mapped                               1               20.019                0.000                0.000                0.000               20.019                0.000               20.019                0.000                0.000
  lb/CLKGATE_RC_CG_HIER_INST175   CLKGATE_RC_CG_MOD_175_mapped                               1               20.019                0.000                0.000                0.000               20.019                0.000               20.019                0.000                0.000
  lb/CLKGATE_RC_CG_HIER_INST176   CLKGATE_RC_CG_MOD_176_mapped                               2               23.773                3.754                0.000                0.000               20.019                0.000               20.019                0.000                0.000
  lb/CLKGATE_RC_CG_HIER_INST177   CLKGATE_RC_CG_MOD_177_mapped                               1               20.019                0.000                0.000                0.000               20.019                0.000               20.019                0.000                0.000
  lb/CLKGATE_RC_CG_HIER_INST178   CLKGATE_RC_CG_MOD_178_mapped                               1               20.019                0.000                0.000                0.000               20.019                0.000               20.019                0.000                0.000
  lb/CLKGATE_RC_CG_HIER_INST179   CLKGATE_RC_CG_MOD_179_mapped                               1               22.522                0.000                0.000                0.000               22.522                0.000               22.522                0.000                0.000
  lb/CLKGATE_RC_CG_HIER_INST18    CLKGATE_RC_CG_MOD_18_mapped                                1               20.019                0.000                0.000                0.000               20.019                0.000               20.019                0.000                0.000
  lb/CLKGATE_RC_CG_HIER_INST180   CLKGATE_RC_CG_MOD_180_mapped                               2               23.773                3.754                0.000                0.000               20.019                0.000               20.019                0.000                0.000
  lb/CLKGATE_RC_CG_HIER_INST181   CLKGATE_RC_CG_MOD_181_mapped                               1               20.019                0.000                0.000                0.000               20.019                0.000               20.019                0.000                0.000
  lb/CLKGATE_RC_CG_HIER_INST182   CLKGATE_RC_CG_MOD_182_mapped                               1               22.522                0.000                0.000                0.000               22.522                0.000               22.522                0.000                0.000
  lb/CLKGATE_RC_CG_HIER_INST183   CLKGATE_RC_CG_MOD_183_mapped                               1               20.019                0.000                0.000                0.000               20.019                0.000               20.019                0.000                0.000
  lb/CLKGATE_RC_CG_HIER_INST184   CLKGATE_RC_CG_MOD_184_mapped                               1               22.522                0.000                0.000                0.000               22.522                0.000               22.522                0.000                0.000
  lb/CLKGATE_RC_CG_HIER_INST185   CLKGATE_RC_CG_MOD_185_mapped                               1               22.522                0.000                0.000                0.000               22.522                0.000               22.522                0.000                0.000
  lb/CLKGATE_RC_CG_HIER_INST186   CLKGATE_RC_CG_MOD_186_mapped                               1               20.019                0.000                0.000                0.000               20.019                0.000               20.019                0.000                0.000
  lb/CLKGATE_RC_CG_HIER_INST187   CLKGATE_RC_CG_MOD_187_mapped                               1               20.019                0.000                0.000                0.000               20.019                0.000               20.019                0.000                0.000
  lb/CLKGATE_RC_CG_HIER_INST188   CLKGATE_RC_CG_MOD_188_mapped                               1               20.019                0.000                0.000                0.000               20.019                0.000               20.019                0.000                0.000
  lb/CLKGATE_RC_CG_HIER_INST189   CLKGATE_RC_CG_MOD_189_mapped                               1               20.019                0.000                0.000                0.000               20.019                0.000               20.019                0.000                0.000
  lb/CLKGATE_RC_CG_HIER_INST19    CLKGATE_RC_CG_MOD_19_mapped                                1               20.019                0.000                0.000                0.000               20.019                0.000               20.019                0.000                0.000
  lb/CLKGATE_RC_CG_HIER_INST190   CLKGATE_RC_CG_MOD_190_mapped                               1               20.019                0.000                0.000                0.000               20.019                0.000               20.019                0.000                0.000
  lb/CLKGATE_RC_CG_HIER_INST191   CLKGATE_RC_CG_MOD_191_mapped                               1               20.019                0.000                0.000                0.000               20.019                0.000               20.019                0.000                0.000
  lb/CLKGATE_RC_CG_HIER_INST192   CLKGATE_RC_CG_MOD_192_mapped                               1               20.019                0.000                0.000                0.000               20.019                0.000               20.019                0.000                0.000
  lb/CLKGATE_RC_CG_HIER_INST193   CLKGATE_RC_CG_MOD_193_mapped                               1               20.019                0.000                0.000                0.000               20.019                0.000               20.019                0.000                0.000
  lb/CLKGATE_RC_CG_HIER_INST194   CLKGATE_RC_CG_MOD_194_mapped                               1               20.019                0.000                0.000                0.000               20.019                0.000               20.019                0.000                0.000
  lb/CLKGATE_RC_CG_HIER_INST195   CLKGATE_RC_CG_MOD_195_mapped                               1               22.522                0.000                0.000                0.000               22.522                0.000               22.522                0.000                0.000
  lb/CLKGATE_RC_CG_HIER_INST196   CLKGATE_RC_CG_MOD_196_mapped                               1               22.522                0.000                0.000                0.000               22.522                0.000               22.522                0.000                0.000
  lb/CLKGATE_RC_CG_HIER_INST197   CLKGATE_RC_CG_MOD_197_mapped                               1               20.019                0.000                0.000                0.000               20.019                0.000               20.019                0.000                0.000
  lb/CLKGATE_RC_CG_HIER_INST198   CLKGATE_RC_CG_MOD_198_mapped                               1               20.019                0.000                0.000                0.000               20.019                0.000               20.019                0.000                0.000
  lb/CLKGATE_RC_CG_HIER_INST199   CLKGATE_RC_CG_MOD_199_mapped                               1               22.522                0.000                0.000                0.000               22.522                0.000               22.522                0.000                0.000
  lb/CLKGATE_RC_CG_HIER_INST2     CLKGATE_RC_CG_MOD_2_mapped                                 1               20.019                0.000                0.000                0.000               20.019                0.000               20.019                0.000                0.000
  lb/CLKGATE_RC_CG_HIER_INST20    CLKGATE_RC_CG_MOD_20_mapped                                1               20.019                0.000                0.000                0.000               20.019                0.000               20.019                0.000                0.000
  lb/CLKGATE_RC_CG_HIER_INST200   CLKGATE_RC_CG_MOD_200_mapped                               1               20.019                0.000                0.000                0.000               20.019                0.000               20.019                0.000                0.000
  lb/CLKGATE_RC_CG_HIER_INST201   CLKGATE_RC_CG_MOD_201_mapped                               1               22.522                0.000                0.000                0.000               22.522                0.000               22.522                0.000                0.000
  lb/CLKGATE_RC_CG_HIER_INST202   CLKGATE_RC_CG_MOD_202_mapped                               1               20.019                0.000                0.000                0.000               20.019                0.000               20.019                0.000                0.000
  lb/CLKGATE_RC_CG_HIER_INST203   CLKGATE_RC_CG_MOD_203_mapped                               1               22.522                0.000                0.000                0.000               22.522                0.000               22.522                0.000                0.000
  lb/CLKGATE_RC_CG_HIER_INST204   CLKGATE_RC_CG_MOD_204_mapped                               1               22.522                0.000                0.000                0.000               22.522                0.000               22.522                0.000                0.000
  lb/CLKGATE_RC_CG_HIER_INST205   CLKGATE_RC_CG_MOD_205_mapped                               1               20.019                0.000                0.000                0.000               20.019                0.000               20.019                0.000                0.000
  lb/CLKGATE_RC_CG_HIER_INST206   CLKGATE_RC_CG_MOD_206_mapped                               1               20.019                0.000                0.000                0.000               20.019                0.000               20.019                0.000                0.000
  lb/CLKGATE_RC_CG_HIER_INST207   CLKGATE_RC_CG_MOD_207_mapped                               1               22.522                0.000                0.000                0.000               22.522                0.000               22.522                0.000                0.000
  lb/CLKGATE_RC_CG_HIER_INST208   CLKGATE_RC_CG_MOD_208_mapped                               1               20.019                0.000                0.000                0.000               20.019                0.000               20.019                0.000                0.000
  lb/CLKGATE_RC_CG_HIER_INST209   CLKGATE_RC_CG_MOD_209_mapped                               1               20.019                0.000                0.000                0.000               20.019                0.000               20.019                0.000                0.000
  lb/CLKGATE_RC_CG_HIER_INST21    CLKGATE_RC_CG_MOD_21_mapped                                1               20.019                0.000                0.000                0.000               20.019                0.000               20.019                0.000                0.000
  lb/CLKGATE_RC_CG_HIER_INST210   CLKGATE_RC_CG_MOD_210_mapped                               1               20.019                0.000                0.000                0.000               20.019                0.000               20.019                0.000                0.000
  lb/CLKGATE_RC_CG_HIER_INST211   CLKGATE_RC_CG_MOD_211_mapped                               1               20.019                0.000                0.000                0.000               20.019                0.000               20.019                0.000                0.000
  lb/CLKGATE_RC_CG_HIER_INST212   CLKGATE_RC_CG_MOD_212_mapped                               1               20.019                0.000                0.000                0.000               20.019                0.000               20.019                0.000                0.000
  lb/CLKGATE_RC_CG_HIER_INST213   CLKGATE_RC_CG_MOD_213_mapped                               1               22.522                0.000                0.000                0.000               22.522                0.000               22.522                0.000                0.000
  lb/CLKGATE_RC_CG_HIER_INST214   CLKGATE_RC_CG_MOD_214_mapped                               1               20.019                0.000                0.000                0.000               20.019                0.000               20.019                0.000                0.000
  lb/CLKGATE_RC_CG_HIER_INST215   CLKGATE_RC_CG_MOD_215_mapped                               1               22.522                0.000                0.000                0.000               22.522                0.000               22.522                0.000                0.000
  lb/CLKGATE_RC_CG_HIER_INST216   CLKGATE_RC_CG_MOD_216_mapped                               1               20.019                0.000                0.000                0.000               20.019                0.000               20.019                0.000                0.000
  lb/CLKGATE_RC_CG_HIER_INST217   CLKGATE_RC_CG_MOD_217_mapped                               1               20.019                0.000                0.000                0.000               20.019                0.000               20.019                0.000                0.000
  lb/CLKGATE_RC_CG_HIER_INST218   CLKGATE_RC_CG_MOD_218_mapped                               1               22.522                0.000                0.000                0.000               22.522                0.000               22.522                0.000                0.000
  lb/CLKGATE_RC_CG_HIER_INST219   CLKGATE_RC_CG_MOD_219_mapped                               1               20.019                0.000                0.000                0.000               20.019                0.000               20.019                0.000                0.000
  lb/CLKGATE_RC_CG_HIER_INST22    CLKGATE_RC_CG_MOD_22_mapped                                1               20.019                0.000                0.000                0.000               20.019                0.000               20.019                0.000                0.000
  lb/CLKGATE_RC_CG_HIER_INST220   CLKGATE_RC_CG_MOD_220_mapped                               1               20.019                0.000                0.000                0.000               20.019                0.000               20.019                0.000                0.000
  lb/CLKGATE_RC_CG_HIER_INST221   CLKGATE_RC_CG_MOD_221_mapped                               1               20.019                0.000                0.000                0.000               20.019                0.000               20.019                0.000                0.000
  lb/CLKGATE_RC_CG_HIER_INST222   CLKGATE_RC_CG_MOD_222_mapped                               1               20.019                0.000                0.000                0.000               20.019                0.000               20.019                0.000                0.000
  lb/CLKGATE_RC_CG_HIER_INST223   CLKGATE_RC_CG_MOD_223_mapped                               1               20.019                0.000                0.000                0.000               20.019                0.000               20.019                0.000                0.000
  lb/CLKGATE_RC_CG_HIER_INST224   CLKGATE_RC_CG_MOD_224_mapped                               1               20.019                0.000                0.000                0.000               20.019                0.000               20.019                0.000                0.000
  lb/CLKGATE_RC_CG_HIER_INST225   CLKGATE_RC_CG_MOD_225_mapped                               1               20.019                0.000                0.000                0.000               20.019                0.000               20.019                0.000                0.000
  lb/CLKGATE_RC_CG_HIER_INST226   CLKGATE_RC_CG_MOD_226_mapped                               1               20.019                0.000                0.000                0.000               20.019                0.000               20.019                0.000                0.000
  lb/CLKGATE_RC_CG_HIER_INST227   CLKGATE_RC_CG_MOD_227_mapped                               1               20.019                0.000                0.000                0.000               20.019                0.000               20.019                0.000                0.000
  lb/CLKGATE_RC_CG_HIER_INST228   CLKGATE_RC_CG_MOD_228_mapped                               1               20.019                0.000                0.000                0.000               20.019                0.000               20.019                0.000                0.000
  lb/CLKGATE_RC_CG_HIER_INST229   CLKGATE_RC_CG_MOD_229_mapped                               1               20.019                0.000                0.000                0.000               20.019                0.000               20.019                0.000                0.000
  lb/CLKGATE_RC_CG_HIER_INST23    CLKGATE_RC_CG_MOD_23_mapped                                1               20.019                0.000                0.000                0.000               20.019                0.000               20.019                0.000                0.000
  lb/CLKGATE_RC_CG_HIER_INST230   CLKGATE_RC_CG_MOD_230_mapped                               1               20.019                0.000                0.000                0.000               20.019                0.000               20.019                0.000                0.000
  lb/CLKGATE_RC_CG_HIER_INST231   CLKGATE_RC_CG_MOD_231_mapped                               1               20.019                0.000                0.000                0.000               20.019                0.000               20.019                0.000                0.000
  lb/CLKGATE_RC_CG_HIER_INST232   CLKGATE_RC_CG_MOD_232_mapped                               1               20.019                0.000                0.000                0.000               20.019                0.000               20.019                0.000                0.000
  lb/CLKGATE_RC_CG_HIER_INST233   CLKGATE_RC_CG_MOD_233_mapped                               1               20.019                0.000                0.000                0.000               20.019                0.000               20.019                0.000                0.000
  lb/CLKGATE_RC_CG_HIER_INST234   CLKGATE_RC_CG_MOD_234_mapped                               1               20.019                0.000                0.000                0.000               20.019                0.000               20.019                0.000                0.000
  lb/CLKGATE_RC_CG_HIER_INST235   CLKGATE_RC_CG_MOD_235_mapped                               1               20.019                0.000                0.000                0.000               20.019                0.000               20.019                0.000                0.000
  lb/CLKGATE_RC_CG_HIER_INST236   CLKGATE_RC_CG_MOD_236_mapped                               1               20.019                0.000                0.000                0.000               20.019                0.000               20.019                0.000                0.000
  lb/CLKGATE_RC_CG_HIER_INST237   CLKGATE_RC_CG_MOD_237_mapped                               1               20.019                0.000                0.000                0.000               20.019                0.000               20.019                0.000                0.000
  lb/CLKGATE_RC_CG_HIER_INST238   CLKGATE_RC_CG_MOD_238_mapped                               1               20.019                0.000                0.000                0.000               20.019                0.000               20.019                0.000                0.000
  lb/CLKGATE_RC_CG_HIER_INST239   CLKGATE_RC_CG_MOD_239_mapped                               1               20.019                0.000                0.000                0.000               20.019                0.000               20.019                0.000                0.000
  lb/CLKGATE_RC_CG_HIER_INST24    CLKGATE_RC_CG_MOD_24_mapped                                1               20.019                0.000                0.000                0.000               20.019                0.000               20.019                0.000                0.000
  lb/CLKGATE_RC_CG_HIER_INST240   CLKGATE_RC_CG_MOD_240_mapped                               1               20.019                0.000                0.000                0.000               20.019                0.000               20.019                0.000                0.000
  lb/CLKGATE_RC_CG_HIER_INST241   CLKGATE_RC_CG_MOD_241_mapped                               1               20.019                0.000                0.000                0.000               20.019                0.000               20.019                0.000                0.000
  lb/CLKGATE_RC_CG_HIER_INST242   CLKGATE_RC_CG_MOD_242_mapped                               1               20.019                0.000                0.000                0.000               20.019                0.000               20.019                0.000                0.000
  lb/CLKGATE_RC_CG_HIER_INST243   CLKGATE_RC_CG_MOD_243_mapped                               1               20.019                0.000                0.000                0.000               20.019                0.000               20.019                0.000                0.000
  lb/CLKGATE_RC_CG_HIER_INST244   CLKGATE_RC_CG_MOD_244_mapped                               1               22.522                0.000                0.000                0.000               22.522                0.000               22.522                0.000                0.000
  lb/CLKGATE_RC_CG_HIER_INST245   CLKGATE_RC_CG_MOD_245_mapped                               1               22.522                0.000                0.000                0.000               22.522                0.000               22.522                0.000                0.000
  lb/CLKGATE_RC_CG_HIER_INST246   CLKGATE_RC_CG_MOD_246_mapped                               1               20.019                0.000                0.000                0.000               20.019                0.000               20.019                0.000                0.000
  lb/CLKGATE_RC_CG_HIER_INST247   CLKGATE_RC_CG_MOD_247_mapped                               1               20.019                0.000                0.000                0.000               20.019                0.000               20.019                0.000                0.000
  lb/CLKGATE_RC_CG_HIER_INST248   CLKGATE_RC_CG_MOD_248_mapped                               1               20.019                0.000                0.000                0.000               20.019                0.000               20.019                0.000                0.000
  lb/CLKGATE_RC_CG_HIER_INST249   CLKGATE_RC_CG_MOD_249_mapped                               1               20.019                0.000                0.000                0.000               20.019                0.000               20.019                0.000                0.000
  lb/CLKGATE_RC_CG_HIER_INST25    CLKGATE_RC_CG_MOD_25_mapped                                1               20.019                0.000                0.000                0.000               20.019                0.000               20.019                0.000                0.000
  lb/CLKGATE_RC_CG_HIER_INST250   CLKGATE_RC_CG_MOD_250_mapped                               1               20.019                0.000                0.000                0.000               20.019                0.000               20.019                0.000                0.000
  lb/CLKGATE_RC_CG_HIER_INST251   CLKGATE_RC_CG_MOD_251_mapped                               1               20.019                0.000                0.000                0.000               20.019                0.000               20.019                0.000                0.000
  lb/CLKGATE_RC_CG_HIER_INST252   CLKGATE_RC_CG_MOD_252_mapped                               1               20.019                0.000                0.000                0.000               20.019                0.000               20.019                0.000                0.000
  lb/CLKGATE_RC_CG_HIER_INST253   CLKGATE_RC_CG_MOD_253_mapped                               1               20.019                0.000                0.000                0.000               20.019                0.000               20.019                0.000                0.000
  lb/CLKGATE_RC_CG_HIER_INST254   CLKGATE_RC_CG_MOD_254_mapped                               1               20.019                0.000                0.000                0.000               20.019                0.000               20.019                0.000                0.000
  lb/CLKGATE_RC_CG_HIER_INST255   CLKGATE_RC_CG_MOD_255_mapped                               1               20.019                0.000                0.000                0.000               20.019                0.000               20.019                0.000                0.000
  lb/CLKGATE_RC_CG_HIER_INST256   CLKGATE_RC_CG_MOD_256_mapped                               1               20.019                0.000                0.000                0.000               20.019                0.000               20.019                0.000                0.000
  lb/CLKGATE_RC_CG_HIER_INST257   CLKGATE_RC_CG_MOD_257_mapped                               1               20.019                0.000                0.000                0.000               20.019                0.000               20.019                0.000                0.000
  lb/CLKGATE_RC_CG_HIER_INST258   CLKGATE_RC_CG_MOD_258_mapped                               1               20.019                0.000                0.000                0.000               20.019                0.000               20.019                0.000                0.000
  lb/CLKGATE_RC_CG_HIER_INST259   CLKGATE_RC_CG_MOD_259_mapped                               1               20.019                0.000                0.000                0.000               20.019                0.000               20.019                0.000                0.000
  lb/CLKGATE_RC_CG_HIER_INST26    CLKGATE_RC_CG_MOD_26_mapped                                1               20.019                0.000                0.000                0.000               20.019                0.000               20.019                0.000                0.000
  lb/CLKGATE_RC_CG_HIER_INST260   CLKGATE_RC_CG_MOD_260_mapped                               1               20.019                0.000                0.000                0.000               20.019                0.000               20.019                0.000                0.000
  lb/CLKGATE_RC_CG_HIER_INST261   CLKGATE_RC_CG_MOD_261_mapped                               1               20.019                0.000                0.000                0.000               20.019                0.000               20.019                0.000                0.000
  lb/CLKGATE_RC_CG_HIER_INST262   CLKGATE_RC_CG_MOD_262_mapped                               1               20.019                0.000                0.000                0.000               20.019                0.000               20.019                0.000                0.000
  lb/CLKGATE_RC_CG_HIER_INST263   CLKGATE_RC_CG_MOD_263_mapped                               1               20.019                0.000                0.000                0.000               20.019                0.000               20.019                0.000                0.000
  lb/CLKGATE_RC_CG_HIER_INST264   CLKGATE_RC_CG_MOD_264_mapped                               1               20.019                0.000                0.000                0.000               20.019                0.000               20.019                0.000                0.000
  lb/CLKGATE_RC_CG_HIER_INST265   CLKGATE_RC_CG_MOD_265_mapped                               1               20.019                0.000                0.000                0.000               20.019                0.000               20.019                0.000                0.000
  lb/CLKGATE_RC_CG_HIER_INST266   CLKGATE_RC_CG_MOD_266_mapped                               1               20.019                0.000                0.000                0.000               20.019                0.000               20.019                0.000                0.000
  lb/CLKGATE_RC_CG_HIER_INST267   CLKGATE_RC_CG_MOD_267_mapped                               1               20.019                0.000                0.000                0.000               20.019                0.000               20.019                0.000                0.000
  lb/CLKGATE_RC_CG_HIER_INST268   CLKGATE_RC_CG_MOD_268_mapped                               1               20.019                0.000                0.000                0.000               20.019                0.000               20.019                0.000                0.000
  lb/CLKGATE_RC_CG_HIER_INST269   CLKGATE_RC_CG_MOD_269_mapped                               1               20.019                0.000                0.000                0.000               20.019                0.000               20.019                0.000                0.000
  lb/CLKGATE_RC_CG_HIER_INST27    CLKGATE_RC_CG_MOD_27_mapped                                1               20.019                0.000                0.000                0.000               20.019                0.000               20.019                0.000                0.000
  lb/CLKGATE_RC_CG_HIER_INST270   CLKGATE_RC_CG_MOD_270_mapped                               1               20.019                0.000                0.000                0.000               20.019                0.000               20.019                0.000                0.000
  lb/CLKGATE_RC_CG_HIER_INST271   CLKGATE_RC_CG_MOD_271_mapped                               1               20.019                0.000                0.000                0.000               20.019                0.000               20.019                0.000                0.000
  lb/CLKGATE_RC_CG_HIER_INST272   CLKGATE_RC_CG_MOD_272_mapped                               1               20.019                0.000                0.000                0.000               20.019                0.000               20.019                0.000                0.000
  lb/CLKGATE_RC_CG_HIER_INST273   CLKGATE_RC_CG_MOD_273_mapped                               1               20.019                0.000                0.000                0.000               20.019                0.000               20.019                0.000                0.000
  lb/CLKGATE_RC_CG_HIER_INST274   CLKGATE_RC_CG_MOD_274_mapped                               1               20.019                0.000                0.000                0.000               20.019                0.000               20.019                0.000                0.000
  lb/CLKGATE_RC_CG_HIER_INST275   CLKGATE_RC_CG_MOD_275_mapped                               1               20.019                0.000                0.000                0.000               20.019                0.000               20.019                0.000                0.000
  lb/CLKGATE_RC_CG_HIER_INST276   CLKGATE_RC_CG_MOD_276_mapped                               1               20.019                0.000                0.000                0.000               20.019                0.000               20.019                0.000                0.000
  lb/CLKGATE_RC_CG_HIER_INST28    CLKGATE_RC_CG_MOD_28_mapped                                1               20.019                0.000                0.000                0.000               20.019                0.000               20.019                0.000                0.000
  lb/CLKGATE_RC_CG_HIER_INST29    CLKGATE_RC_CG_MOD_29_mapped                                1               20.019                0.000                0.000                0.000               20.019                0.000               20.019                0.000                0.000
  lb/CLKGATE_RC_CG_HIER_INST3     CLKGATE_RC_CG_MOD_3_mapped                                 1               20.019                0.000                0.000                0.000               20.019                0.000               20.019                0.000                0.000
  lb/CLKGATE_RC_CG_HIER_INST30    CLKGATE_RC_CG_MOD_30_mapped                                1               20.019                0.000                0.000                0.000               20.019                0.000               20.019                0.000                0.000
  lb/CLKGATE_RC_CG_HIER_INST31    CLKGATE_RC_CG_MOD_31_mapped                                1               20.019                0.000                0.000                0.000               20.019                0.000               20.019                0.000                0.000
  lb/CLKGATE_RC_CG_HIER_INST32    CLKGATE_RC_CG_MOD_32_mapped                                1               20.019                0.000                0.000                0.000               20.019                0.000               20.019                0.000                0.000
  lb/CLKGATE_RC_CG_HIER_INST33    CLKGATE_RC_CG_MOD_33_mapped                                1               20.019                0.000                0.000                0.000               20.019                0.000               20.019                0.000                0.000
  lb/CLKGATE_RC_CG_HIER_INST34    CLKGATE_RC_CG_MOD_34_mapped                                1               22.522                0.000                0.000                0.000               22.522                0.000               22.522                0.000                0.000
  lb/CLKGATE_RC_CG_HIER_INST35    CLKGATE_RC_CG_MOD_35_mapped                                1               20.019                0.000                0.000                0.000               20.019                0.000               20.019                0.000                0.000
  lb/CLKGATE_RC_CG_HIER_INST36    CLKGATE_RC_CG_MOD_36_mapped                                1               20.019                0.000                0.000                0.000               20.019                0.000               20.019                0.000                0.000
  lb/CLKGATE_RC_CG_HIER_INST37    CLKGATE_RC_CG_MOD_37_mapped                                1               20.019                0.000                0.000                0.000               20.019                0.000               20.019                0.000                0.000
  lb/CLKGATE_RC_CG_HIER_INST38    CLKGATE_RC_CG_MOD_38_mapped                                1               20.019                0.000                0.000                0.000               20.019                0.000               20.019                0.000                0.000
  lb/CLKGATE_RC_CG_HIER_INST39    CLKGATE_RC_CG_MOD_39_mapped                                1               20.019                0.000                0.000                0.000               20.019                0.000               20.019                0.000                0.000
  lb/CLKGATE_RC_CG_HIER_INST4     CLKGATE_RC_CG_MOD_4_mapped                                 1               20.019                0.000                0.000                0.000               20.019                0.000               20.019                0.000                0.000
  lb/CLKGATE_RC_CG_HIER_INST40    CLKGATE_RC_CG_MOD_40_mapped                                1               20.019                0.000                0.000                0.000               20.019                0.000               20.019                0.000                0.000
  lb/CLKGATE_RC_CG_HIER_INST41    CLKGATE_RC_CG_MOD_41_mapped                                1               20.019                0.000                0.000                0.000               20.019                0.000               20.019                0.000                0.000
  lb/CLKGATE_RC_CG_HIER_INST42    CLKGATE_RC_CG_MOD_42_mapped                                1               20.019                0.000                0.000                0.000               20.019                0.000               20.019                0.000                0.000
  lb/CLKGATE_RC_CG_HIER_INST43    CLKGATE_RC_CG_MOD_43_mapped                                1               20.019                0.000                0.000                0.000               20.019                0.000               20.019                0.000                0.000
  lb/CLKGATE_RC_CG_HIER_INST44    CLKGATE_RC_CG_MOD_44_mapped                                1               20.019                0.000                0.000                0.000               20.019                0.000               20.019                0.000                0.000
  lb/CLKGATE_RC_CG_HIER_INST45    CLKGATE_RC_CG_MOD_45_mapped                                1               20.019                0.000                0.000                0.000               20.019                0.000               20.019                0.000                0.000
  lb/CLKGATE_RC_CG_HIER_INST46    CLKGATE_RC_CG_MOD_46_mapped                                1               20.019                0.000                0.000                0.000               20.019                0.000               20.019                0.000                0.000
  lb/CLKGATE_RC_CG_HIER_INST47    CLKGATE_RC_CG_MOD_47_mapped                                1               20.019                0.000                0.000                0.000               20.019                0.000               20.019                0.000                0.000
  lb/CLKGATE_RC_CG_HIER_INST48    CLKGATE_RC_CG_MOD_48_mapped                                1               20.019                0.000                0.000                0.000               20.019                0.000               20.019                0.000                0.000
  lb/CLKGATE_RC_CG_HIER_INST49    CLKGATE_RC_CG_MOD_49_mapped                                1               20.019                0.000                0.000                0.000               20.019                0.000               20.019                0.000                0.000
  lb/CLKGATE_RC_CG_HIER_INST5     CLKGATE_RC_CG_MOD_5_mapped                                 1               20.019                0.000                0.000                0.000               20.019                0.000               20.019                0.000                0.000
  lb/CLKGATE_RC_CG_HIER_INST50    CLKGATE_RC_CG_MOD_50_mapped                                1               20.019                0.000                0.000                0.000               20.019                0.000               20.019                0.000                0.000
  lb/CLKGATE_RC_CG_HIER_INST51    CLKGATE_RC_CG_MOD_51_mapped                                1               20.019                0.000                0.000                0.000               20.019                0.000               20.019                0.000                0.000
  lb/CLKGATE_RC_CG_HIER_INST52    CLKGATE_RC_CG_MOD_52_mapped                                1               20.019                0.000                0.000                0.000               20.019                0.000               20.019                0.000                0.000
  lb/CLKGATE_RC_CG_HIER_INST53    CLKGATE_RC_CG_MOD_53_mapped                                2               23.773                3.754                0.000                0.000               20.019                0.000               20.019                0.000                0.000
  lb/CLKGATE_RC_CG_HIER_INST54    CLKGATE_RC_CG_MOD_54_mapped                                1               20.019                0.000                0.000                0.000               20.019                0.000               20.019                0.000                0.000
  lb/CLKGATE_RC_CG_HIER_INST55    CLKGATE_RC_CG_MOD_55_mapped                                1               20.019                0.000                0.000                0.000               20.019                0.000               20.019                0.000                0.000
  lb/CLKGATE_RC_CG_HIER_INST56    CLKGATE_RC_CG_MOD_56_mapped                                1               20.019                0.000                0.000                0.000               20.019                0.000               20.019                0.000                0.000
  lb/CLKGATE_RC_CG_HIER_INST57    CLKGATE_RC_CG_MOD_57_mapped                                1               20.019                0.000                0.000                0.000               20.019                0.000               20.019                0.000                0.000
  lb/CLKGATE_RC_CG_HIER_INST58    CLKGATE_RC_CG_MOD_58_mapped                                1               20.019                0.000                0.000                0.000               20.019                0.000               20.019                0.000                0.000
  lb/CLKGATE_RC_CG_HIER_INST59    CLKGATE_RC_CG_MOD_59_mapped                                1               20.019                0.000                0.000                0.000               20.019                0.000               20.019                0.000                0.000
  lb/CLKGATE_RC_CG_HIER_INST6     CLKGATE_RC_CG_MOD_6_mapped                                 1               20.019                0.000                0.000                0.000               20.019                0.000               20.019                0.000                0.000
  lb/CLKGATE_RC_CG_HIER_INST60    CLKGATE_RC_CG_MOD_60_mapped                                2               23.773                3.754                0.000                0.000               20.019                0.000               20.019                0.000                0.000
  lb/CLKGATE_RC_CG_HIER_INST61    CLKGATE_RC_CG_MOD_61_mapped                                2               23.773                3.754                0.000                0.000               20.019                0.000               20.019                0.000                0.000
  lb/CLKGATE_RC_CG_HIER_INST62    CLKGATE_RC_CG_MOD_62_mapped                                1               20.019                0.000                0.000                0.000               20.019                0.000               20.019                0.000                0.000
  lb/CLKGATE_RC_CG_HIER_INST63    CLKGATE_RC_CG_MOD_63_mapped                                1               20.019                0.000                0.000                0.000               20.019                0.000               20.019                0.000                0.000
  lb/CLKGATE_RC_CG_HIER_INST64    CLKGATE_RC_CG_MOD_64_mapped                                1               20.019                0.000                0.000                0.000               20.019                0.000               20.019                0.000                0.000
  lb/CLKGATE_RC_CG_HIER_INST65    CLKGATE_RC_CG_MOD_65_mapped                                1               20.019                0.000                0.000                0.000               20.019                0.000               20.019                0.000                0.000
  lb/CLKGATE_RC_CG_HIER_INST66    CLKGATE_RC_CG_MOD_66_mapped                                1               20.019                0.000                0.000                0.000               20.019                0.000               20.019                0.000                0.000
  lb/CLKGATE_RC_CG_HIER_INST67    CLKGATE_RC_CG_MOD_67_mapped                                1               20.019                0.000                0.000                0.000               20.019                0.000               20.019                0.000                0.000
  lb/CLKGATE_RC_CG_HIER_INST68    CLKGATE_RC_CG_MOD_68_mapped                                1               20.019                0.000                0.000                0.000               20.019                0.000               20.019                0.000                0.000
  lb/CLKGATE_RC_CG_HIER_INST69    CLKGATE_RC_CG_MOD_69_mapped                                1               20.019                0.000                0.000                0.000               20.019                0.000               20.019                0.000                0.000
  lb/CLKGATE_RC_CG_HIER_INST7     CLKGATE_RC_CG_MOD_7_mapped                                 1               20.019                0.000                0.000                0.000               20.019                0.000               20.019                0.000                0.000
  lb/CLKGATE_RC_CG_HIER_INST70    CLKGATE_RC_CG_MOD_70_mapped                                1               20.019                0.000                0.000                0.000               20.019                0.000               20.019                0.000                0.000
  lb/CLKGATE_RC_CG_HIER_INST71    CLKGATE_RC_CG_MOD_71_mapped                                1               20.019                0.000                0.000                0.000               20.019                0.000               20.019                0.000                0.000
  lb/CLKGATE_RC_CG_HIER_INST72    CLKGATE_RC_CG_MOD_72_mapped                                1               20.019                0.000                0.000                0.000               20.019                0.000               20.019                0.000                0.000
  lb/CLKGATE_RC_CG_HIER_INST73    CLKGATE_RC_CG_MOD_73_mapped                                1               20.019                0.000                0.000                0.000               20.019                0.000               20.019                0.000                0.000
  lb/CLKGATE_RC_CG_HIER_INST74    CLKGATE_RC_CG_MOD_74_mapped                                1               20.019                0.000                0.000                0.000               20.019                0.000               20.019                0.000                0.000
  lb/CLKGATE_RC_CG_HIER_INST75    CLKGATE_RC_CG_MOD_75_mapped                                1               20.019                0.000                0.000                0.000               20.019                0.000               20.019                0.000                0.000
  lb/CLKGATE_RC_CG_HIER_INST76    CLKGATE_RC_CG_MOD_76_mapped                                1               20.019                0.000                0.000                0.000               20.019                0.000               20.019                0.000                0.000
  lb/CLKGATE_RC_CG_HIER_INST77    CLKGATE_RC_CG_MOD_77_mapped                                1               20.019                0.000                0.000                0.000               20.019                0.000               20.019                0.000                0.000
  lb/CLKGATE_RC_CG_HIER_INST78    CLKGATE_RC_CG_MOD_78_mapped                                1               20.019                0.000                0.000                0.000               20.019                0.000               20.019                0.000                0.000
  lb/CLKGATE_RC_CG_HIER_INST79    CLKGATE_RC_CG_MOD_79_mapped                                1               20.019                0.000                0.000                0.000               20.019                0.000               20.019                0.000                0.000
  lb/CLKGATE_RC_CG_HIER_INST8     CLKGATE_RC_CG_MOD_8_mapped                                 1               20.019                0.000                0.000                0.000               20.019                0.000               20.019                0.000                0.000
  lb/CLKGATE_RC_CG_HIER_INST80    CLKGATE_RC_CG_MOD_80_mapped                                1               20.019                0.000                0.000                0.000               20.019                0.000               20.019                0.000                0.000
  lb/CLKGATE_RC_CG_HIER_INST81    CLKGATE_RC_CG_MOD_81_mapped                                1               20.019                0.000                0.000                0.000               20.019                0.000               20.019                0.000                0.000
  lb/CLKGATE_RC_CG_HIER_INST82    CLKGATE_RC_CG_MOD_82_mapped                                1               20.019                0.000                0.000                0.000               20.019                0.000               20.019                0.000                0.000
  lb/CLKGATE_RC_CG_HIER_INST83    CLKGATE_RC_CG_MOD_83_mapped                                1               20.019                0.000                0.000                0.000               20.019                0.000               20.019                0.000                0.000
  lb/CLKGATE_RC_CG_HIER_INST84    CLKGATE_RC_CG_MOD_84_mapped                                1               22.522                0.000                0.000                0.000               22.522                0.000               22.522                0.000                0.000
  lb/CLKGATE_RC_CG_HIER_INST85    CLKGATE_RC_CG_MOD_85_mapped                                1               20.019                0.000                0.000                0.000               20.019                0.000               20.019                0.000                0.000
  lb/CLKGATE_RC_CG_HIER_INST86    CLKGATE_RC_CG_MOD_86_mapped                                1               20.019                0.000                0.000                0.000               20.019                0.000               20.019                0.000                0.000
  lb/CLKGATE_RC_CG_HIER_INST87    CLKGATE_RC_CG_MOD_87_mapped                                1               20.019                0.000                0.000                0.000               20.019                0.000               20.019                0.000                0.000
  lb/CLKGATE_RC_CG_HIER_INST88    CLKGATE_RC_CG_MOD_88_mapped                                1               20.019                0.000                0.000                0.000               20.019                0.000               20.019                0.000                0.000
  lb/CLKGATE_RC_CG_HIER_INST89    CLKGATE_RC_CG_MOD_89_mapped                                1               20.019                0.000                0.000                0.000               20.019                0.000               20.019                0.000                0.000
  lb/CLKGATE_RC_CG_HIER_INST9     CLKGATE_RC_CG_MOD_9_mapped                                 1               20.019                0.000                0.000                0.000               20.019                0.000               20.019                0.000                0.000
  lb/CLKGATE_RC_CG_HIER_INST90    CLKGATE_RC_CG_MOD_90_mapped                                1               20.019                0.000                0.000                0.000               20.019                0.000               20.019                0.000                0.000
  lb/CLKGATE_RC_CG_HIER_INST91    CLKGATE_RC_CG_MOD_91_mapped                                1               20.019                0.000                0.000                0.000               20.019                0.000               20.019                0.000                0.000
  lb/CLKGATE_RC_CG_HIER_INST92    CLKGATE_RC_CG_MOD_92_mapped                                1               20.019                0.000                0.000                0.000               20.019                0.000               20.019                0.000                0.000
  lb/CLKGATE_RC_CG_HIER_INST93    CLKGATE_RC_CG_MOD_93_mapped                                1               20.019                0.000                0.000                0.000               20.019                0.000               20.019                0.000                0.000
  lb/CLKGATE_RC_CG_HIER_INST94    CLKGATE_RC_CG_MOD_94_mapped                                1               20.019                0.000                0.000                0.000               20.019                0.000               20.019                0.000                0.000
  lb/CLKGATE_RC_CG_HIER_INST95    CLKGATE_RC_CG_MOD_95_mapped                                1               20.019                0.000                0.000                0.000               20.019                0.000               20.019                0.000                0.000
  lb/CLKGATE_RC_CG_HIER_INST96    CLKGATE_RC_CG_MOD_96_mapped                                1               20.019                0.000                0.000                0.000               20.019                0.000               20.019                0.000                0.000
  lb/CLKGATE_RC_CG_HIER_INST97    CLKGATE_RC_CG_MOD_97_mapped                                2               23.773                3.754                0.000                0.000               20.019                0.000               20.019                0.000                0.000
  lb/CLKGATE_RC_CG_HIER_INST98    CLKGATE_RC_CG_MOD_98_mapped                                1               20.019                0.000                0.000                0.000               20.019                0.000               20.019                0.000                0.000
  lb/CLKGATE_RC_CG_HIER_INST99    CLKGATE_RC_CG_MOD_99_mapped                                1               20.019                0.000                0.000                0.000               20.019                0.000               20.019                0.000                0.000
 sg                               sobel_gradient_mapped                                    307             2823.958                0.000              228.970             2354.758              240.230                0.000                0.000                0.000                0.000
 tu                               threshold_unit_THRESHOLD_WIDTH11_mapped                   35              238.979                7.507               18.768              172.666               40.038                0.000                0.000                0.000                0.000
