*----------------------------------------------------------------------------------------
*	Innovus 21.13-s100_1 (64bit) 03/04/2022 14:32 (Linux 3.10.0-693.el7.x86_64)
*	
*
* 	Date & Time:	2026-Apr-30 22:57:41 (2026-May-01 05:57:41 GMT)
*
*----------------------------------------------------------------------------------------
*
*	Design: sobel_top
*
*	Liberty Libraries used: 
*	        ss_100C_1v60.setup_view: /home/projects/ee477.2025wtr/cad/pdk/sky130A/libs.ref/sky130_fd_sc_hd/lib/sky130_fd_sc_hd__ss_100C_1v60.lib
*
*	Power Domain used: 
*              Rail:        VDD      Voltage:        1.6 
*
*       Power View : ss_100C_1v60.setup_view
*
*       User-Defined Activity : N.A.
*
*       Activity File: N.A.
*
*       Hierarchical Global Activity: N.A.
*
*       Global Activity: N.A.
*
*       Sequential Element Activity: 0.200000
*
*       Primary Input Activity: 0.200000
*
*       Default icg ratio: N.A.
*
*       Global Comb ClockGate Ratio: N.A.
*
*	Power Units = 1mW
*
*	Time Units = 1e-09 secs 
*
*       report_power -outfile sobel_top_power.rpt -hierarchy all
*
-----------------------------------------------------------------------------------------


Total Power 
-----------------------------------------------------------------------------------------
Total Internal Power:        4.47569905 	   59.6765%
Total Switching Power:       2.97523216 	   39.6701%
Total Leakage Power:         0.04900130 	    0.6534%
Total Power:                 7.49993252 
-----------------------------------------------------------------------------------------


Group                           Internal   Switching     Leakage       Total  Percentage 
                                Power      Power         Power         Power  (%)        
-----------------------------------------------------------------------------------------
Sequential                         3.175      0.1935     0.03216         3.4       45.34 
Macro                                  0           0           0           0           0 
IO                                     0           0           0           0           0 
Combinational                      0.536       1.591     0.01196       2.139       28.51 
Clock (Combinational)            0.05004      0.4152   0.0002545      0.4655       6.207 
Clock (Sequential)                0.7149      0.7759    0.004629       1.495       19.94 
-----------------------------------------------------------------------------------------
Total                              4.476       2.975       0.049         7.5         100 
-----------------------------------------------------------------------------------------


Clock                           Internal   Switching     Leakage       Total  Percentage 
                                Power      Power         Power         Power  (%)        
-----------------------------------------------------------------------------------------
clk                                0.765       1.191    0.004884       1.961       26.15 
-----------------------------------------------------------------------------------------
Total (excluding duplicates)       0.765       1.191    0.004884       1.961       26.15 
-----------------------------------------------------------------------------------------
Clock: clk
Clock Period: 0.015000 usec 
Clock Toggle Rate:   133.3333 Mhz 
Clock Static Probability:  0.5000



Rail                  Voltage   Internal   Switching     Leakage       Total  Percentage 
                                Power      Power         Power         Power  (%)        
-----------------------------------------------------------------------------------------
VDD                       1.6      4.476       2.975       0.049         7.5         100 


Total Power 
-----------------------------------------------------------------------------------------
Total Internal Power:        4.47569905 	   59.6765%
Total Switching Power:       2.97523216 	   39.6701%
Total Leakage Power:         0.04900130 	    0.6534%
Total Power:                 7.49993252 
-----------------------------------------------------------------------------------------


Hierarchy                       Internal   Switching     Leakage       Total  Percentage 
                                Power      Power         Power         Power  (%)        
-----------------------------------------------------------------------------------------
img_in                           0.06637     0.03199   0.0006955     0.09906       1.321  
lb                                 4.279       2.729     0.04636       7.054       94.06  
sg                                0.1119      0.1194    0.001678      0.2329       3.106  
tu                              0.008538     0.00747   0.0001485     0.01616      0.2154  
img_in/CLKGATE_RC_CG_HIER_INST0
                                0.002561    0.001902   1.556e-05    0.004479     0.05971  
img_in/CLKGATE_RC_CG_HIER_INST1
                                0.003699    0.006626   1.712e-05     0.01034      0.1379  
lb/CLKGATE_RC_CG_HIER_INST2
                                0.003026    0.003098   1.625e-05     0.00614     0.08186  
lb/CLKGATE_RC_CG_HIER_INST3
                                0.003026    0.003416   1.625e-05    0.006458     0.08611  
lb/CLKGATE_RC_CG_HIER_INST4
                                0.003027    0.004056   1.625e-05      0.0071     0.09467  
lb/CLKGATE_RC_CG_HIER_INST5
                                0.003008    0.003362   1.625e-05    0.006386     0.08514  
lb/CLKGATE_RC_CG_HIER_INST6
                                0.002467    0.002657   1.668e-05     0.00514     0.06854  
lb/CLKGATE_RC_CG_HIER_INST7
                                0.002463    0.002335   1.668e-05    0.004815      0.0642  
lb/CLKGATE_RC_CG_HIER_INST8
                                0.002464    0.002404   1.668e-05    0.004884     0.06512  
lb/CLKGATE_RC_CG_HIER_INST9
                                 0.00246    0.002352   1.668e-05    0.004829     0.06439  
lb/CLKGATE_RC_CG_HIER_INST10
                                0.002465    0.002555   1.668e-05    0.005036     0.06715  
lb/CLKGATE_RC_CG_HIER_INST11
                                0.003236    0.003278   1.721e-05    0.006531     0.08709  
lb/CLKGATE_RC_CG_HIER_INST12
                                0.002465    0.002923   1.668e-05    0.005405     0.07206  
lb/CLKGATE_RC_CG_HIER_INST13
                                0.002464    0.003134   1.668e-05    0.005615     0.07486  
lb/CLKGATE_RC_CG_HIER_INST14
                                0.002467    0.003057   1.668e-05    0.005541     0.07388  
lb/CLKGATE_RC_CG_HIER_INST15
                                0.002465    0.002969   1.668e-05    0.005451     0.07268  
lb/CLKGATE_RC_CG_HIER_INST16
                                0.002466    0.002476   1.668e-05    0.004959     0.06612  
lb/CLKGATE_RC_CG_HIER_INST17
                                0.002464     0.00306   1.668e-05    0.005541     0.07388  
lb/CLKGATE_RC_CG_HIER_INST18
                                0.002466    0.002731   1.668e-05    0.005213     0.06951  
lb/CLKGATE_RC_CG_HIER_INST19
                                0.002463    0.002575   1.668e-05    0.005054     0.06739  
lb/CLKGATE_RC_CG_HIER_INST20
                                0.002465    0.002319   1.668e-05    0.004801     0.06401  
lb/CLKGATE_RC_CG_HIER_INST21
                                0.002464    0.002283   1.668e-05    0.004764     0.06352  
lb/CLKGATE_RC_CG_HIER_INST22
                                0.002465    0.002713   1.668e-05    0.005195     0.06927  
lb/CLKGATE_RC_CG_HIER_INST23
                                0.002462    0.002556   1.668e-05    0.005034     0.06713  
lb/CLKGATE_RC_CG_HIER_INST24
                                0.002465    0.002731   1.668e-05    0.005212      0.0695  
lb/CLKGATE_RC_CG_HIER_INST25
                                0.002461    0.002219   1.668e-05    0.004697     0.06263  
lb/CLKGATE_RC_CG_HIER_INST26
                                0.002462    0.002207   1.668e-05    0.004685     0.06247  
lb/CLKGATE_RC_CG_HIER_INST27
                                0.002463    0.002523   1.668e-05    0.005002      0.0667  
lb/CLKGATE_RC_CG_HIER_INST28
                                0.002462    0.002247   1.668e-05    0.004726     0.06302  
lb/CLKGATE_RC_CG_HIER_INST29
                                0.002461    0.002347   1.668e-05    0.004824     0.06433  
lb/CLKGATE_RC_CG_HIER_INST30
                                0.002463    0.002694   1.668e-05    0.005174     0.06898  
lb/CLKGATE_RC_CG_HIER_INST31
                                0.002461    0.002289   1.668e-05    0.004766     0.06355  
lb/CLKGATE_RC_CG_HIER_INST32
                                0.002463    0.002302   1.668e-05    0.004782     0.06376  
lb/CLKGATE_RC_CG_HIER_INST33
                                0.002454    0.002659   1.668e-05     0.00513      0.0684  
lb/CLKGATE_RC_CG_HIER_INST34
                                 0.00324    0.003494   1.721e-05    0.006751     0.09002  
lb/CLKGATE_RC_CG_HIER_INST35
                                0.002465    0.003068   1.668e-05    0.005549     0.07399  
lb/CLKGATE_RC_CG_HIER_INST36
                                0.002463    0.002765   1.668e-05    0.005245     0.06993  
lb/CLKGATE_RC_CG_HIER_INST37
                                0.002457    0.002858   1.668e-05    0.005332     0.07109  
lb/CLKGATE_RC_CG_HIER_INST38
                                0.002468    0.002252   1.668e-05    0.004736     0.06315  
lb/CLKGATE_RC_CG_HIER_INST39
                                0.002468    0.002681   1.668e-05    0.005166     0.06888  
lb/CLKGATE_RC_CG_HIER_INST40
                                0.002463    0.002503   1.668e-05    0.004983     0.06644  
lb/CLKGATE_RC_CG_HIER_INST41
                                0.002467    0.002742   1.668e-05    0.005226     0.06968  
lb/CLKGATE_RC_CG_HIER_INST42
                                0.002469    0.002546   1.668e-05    0.005031     0.06708  
lb/CLKGATE_RC_CG_HIER_INST43
                                0.002464    0.003128   1.668e-05    0.005609     0.07479  
lb/CLKGATE_RC_CG_HIER_INST44
                                0.002469    0.002687   1.668e-05    0.005173     0.06897  
lb/CLKGATE_RC_CG_HIER_INST45
                                0.002468    0.002484   1.668e-05    0.004968     0.06624  
lb/CLKGATE_RC_CG_HIER_INST46
                                0.002466     0.00248   1.668e-05    0.004962     0.06616  
lb/CLKGATE_RC_CG_HIER_INST47
                                0.002469    0.002493   1.668e-05    0.004979     0.06638  
lb/CLKGATE_RC_CG_HIER_INST48
                                0.002461    0.002875   1.668e-05    0.005353     0.07137  
lb/CLKGATE_RC_CG_HIER_INST49
                                0.002468    0.002373   1.668e-05    0.004858     0.06478  
lb/CLKGATE_RC_CG_HIER_INST50
                                0.002466    0.002407   1.668e-05     0.00489      0.0652  
lb/CLKGATE_RC_CG_HIER_INST51
                                0.002469      0.0023   1.668e-05    0.004786     0.06381  
lb/CLKGATE_RC_CG_HIER_INST52
                                0.002468    0.002561   1.668e-05    0.005046     0.06727  
lb/CLKGATE_RC_CG_HIER_INST53
                                 0.00255    0.002644   2.107e-05    0.005216     0.06954  
lb/CLKGATE_RC_CG_HIER_INST54
                                0.002469    0.002443   1.668e-05    0.004929     0.06572  
lb/CLKGATE_RC_CG_HIER_INST55
                                0.002467    0.002585   1.668e-05    0.005069     0.06759  
lb/CLKGATE_RC_CG_HIER_INST56
                                 0.00247    0.002425   1.668e-05    0.004912     0.06549  
lb/CLKGATE_RC_CG_HIER_INST57
                                 0.00246     0.00223   1.668e-05    0.004707     0.06276  
lb/CLKGATE_RC_CG_HIER_INST58
                                0.002468    0.002519   1.668e-05    0.005003     0.06671  
lb/CLKGATE_RC_CG_HIER_INST59
                                 0.00246    0.002675   1.668e-05    0.005152     0.06869  
lb/CLKGATE_RC_CG_HIER_INST60
                                0.002552     0.00335   2.107e-05    0.005923     0.07898  
lb/CLKGATE_RC_CG_HIER_INST61
                                0.002542    0.002677   2.107e-05     0.00524     0.06986  
lb/CLKGATE_RC_CG_HIER_INST62
                                0.002462    0.002326   1.668e-05    0.004805     0.06406  
lb/CLKGATE_RC_CG_HIER_INST63
                                0.002466    0.002433   1.668e-05    0.004915     0.06553  
lb/CLKGATE_RC_CG_HIER_INST64
                                0.002462    0.002133   1.668e-05    0.004612     0.06149  
lb/CLKGATE_RC_CG_HIER_INST65
                                0.002458    0.002443   1.668e-05    0.004918     0.06558  
lb/CLKGATE_RC_CG_HIER_INST66
                                0.002462    0.002288   1.668e-05    0.004767     0.06356  
lb/CLKGATE_RC_CG_HIER_INST67
                                0.002458    0.002415   1.668e-05     0.00489      0.0652  
lb/CLKGATE_RC_CG_HIER_INST68
                                0.002461    0.002378   1.668e-05    0.004856     0.06474  
lb/CLKGATE_RC_CG_HIER_INST69
                                0.002458    0.002441   1.668e-05    0.004916     0.06555  
lb/CLKGATE_RC_CG_HIER_INST70
                                0.002459    0.002396   1.668e-05    0.004871     0.06495  
lb/CLKGATE_RC_CG_HIER_INST71
                                0.002467    0.003073   1.668e-05    0.005556     0.07408  
lb/CLKGATE_RC_CG_HIER_INST72
                                0.002458    0.002259   1.668e-05    0.004734     0.06312  
lb/CLKGATE_RC_CG_HIER_INST73
                                0.002463    0.001898   1.668e-05    0.004378     0.05837  
lb/CLKGATE_RC_CG_HIER_INST74
                                0.002459    0.002663   1.668e-05    0.005139     0.06853  
lb/CLKGATE_RC_CG_HIER_INST75
                                0.002466    0.002436   1.668e-05    0.004918     0.06558  
lb/CLKGATE_RC_CG_HIER_INST76
                                0.002458      0.0021   1.668e-05    0.004574     0.06099  
lb/CLKGATE_RC_CG_HIER_INST77
                                 0.00246    0.002567   1.668e-05    0.005044     0.06726  
lb/CLKGATE_RC_CG_HIER_INST78
                                0.002464    0.002993   1.668e-05    0.005473     0.07298  
lb/CLKGATE_RC_CG_HIER_INST79
                                0.002465    0.002379   1.668e-05    0.004861     0.06481  
lb/CLKGATE_RC_CG_HIER_INST80
                                0.002462    0.002986   1.668e-05    0.005464     0.07286  
lb/CLKGATE_RC_CG_HIER_INST81
                                0.002467    0.002234   1.668e-05    0.004718     0.06291  
lb/CLKGATE_RC_CG_HIER_INST82
                                0.002464    0.002959   1.668e-05     0.00544     0.07253  
lb/CLKGATE_RC_CG_HIER_INST83
                                0.002467    0.002248   1.668e-05    0.004732     0.06309  
lb/CLKGATE_RC_CG_HIER_INST84
                                0.003237    0.003265   1.721e-05    0.006519     0.08692  
lb/CLKGATE_RC_CG_HIER_INST85
                                0.002469    0.002805   1.668e-05    0.005291     0.07054  
lb/CLKGATE_RC_CG_HIER_INST86
                                 0.00246    0.002542   1.668e-05    0.005019     0.06692  
lb/CLKGATE_RC_CG_HIER_INST87
                                0.002466    0.002556   1.668e-05    0.005039     0.06719  
lb/CLKGATE_RC_CG_HIER_INST88
                                0.002463    0.002915   1.668e-05    0.005394     0.07193  
lb/CLKGATE_RC_CG_HIER_INST89
                                0.002461    0.002379   1.668e-05    0.004857     0.06477  
lb/CLKGATE_RC_CG_HIER_INST90
                                0.002461    0.002871   1.668e-05    0.005348     0.07131  
lb/CLKGATE_RC_CG_HIER_INST91
                                0.002467    0.003013   1.668e-05    0.005497     0.07329  
lb/CLKGATE_RC_CG_HIER_INST92
                                0.002465    0.002406   1.668e-05    0.004888     0.06517  
lb/CLKGATE_RC_CG_HIER_INST93
                                0.002467    0.002718   1.668e-05    0.005201     0.06935  
lb/CLKGATE_RC_CG_HIER_INST94
                                0.002464    0.003081   1.668e-05    0.005562     0.07416  
lb/CLKGATE_RC_CG_HIER_INST95
                                0.002465    0.002968   1.668e-05    0.005449     0.07266  
lb/CLKGATE_RC_CG_HIER_INST96
                                0.002463    0.002409   1.668e-05    0.004888     0.06518  
lb/CLKGATE_RC_CG_HIER_INST97
                                0.002544    0.003486   2.107e-05    0.006051     0.08068  
lb/CLKGATE_RC_CG_HIER_INST98
                                0.002461    0.002184   1.668e-05    0.004662     0.06216  
lb/CLKGATE_RC_CG_HIER_INST99
                                0.002459    0.002149   1.668e-05    0.004625     0.06166  
lb/CLKGATE_RC_CG_HIER_INST100
                                0.002462    0.002428   1.668e-05    0.004907     0.06542  
lb/CLKGATE_RC_CG_HIER_INST101
                                0.002543    0.003253   2.107e-05    0.005817     0.07756  
lb/CLKGATE_RC_CG_HIER_INST102
                                0.002462    0.003036   1.668e-05    0.005515     0.07353  
lb/CLKGATE_RC_CG_HIER_INST103
                                0.002463    0.002375   1.668e-05    0.004854     0.06472  
lb/CLKGATE_RC_CG_HIER_INST104
                                0.002467    0.003138   1.668e-05    0.005622     0.07496  
lb/CLKGATE_RC_CG_HIER_INST105
                                0.002462    0.002289   1.668e-05    0.004768     0.06358  
lb/CLKGATE_RC_CG_HIER_INST106
                                0.002462     0.00291   1.668e-05     0.00539     0.07186  
lb/CLKGATE_RC_CG_HIER_INST107
                                0.002464    0.002339   1.668e-05     0.00482     0.06427  
lb/CLKGATE_RC_CG_HIER_INST108
                                0.002465    0.002686   1.668e-05    0.005168      0.0689  
lb/CLKGATE_RC_CG_HIER_INST109
                                0.002463    0.002159   1.668e-05    0.004638     0.06185  
lb/CLKGATE_RC_CG_HIER_INST110
                                0.002461    0.002355   1.668e-05    0.004833     0.06444  
lb/CLKGATE_RC_CG_HIER_INST111
                                0.002553    0.003577   2.107e-05    0.006151     0.08201  
lb/CLKGATE_RC_CG_HIER_INST112
                                0.002465    0.002589   1.668e-05     0.00507      0.0676  
lb/CLKGATE_RC_CG_HIER_INST113
                                 0.00247     0.00257   1.668e-05    0.005057     0.06743  
lb/CLKGATE_RC_CG_HIER_INST114
                                0.002457    0.002967   1.668e-05     0.00544     0.07254  
lb/CLKGATE_RC_CG_HIER_INST115
                                0.002471     0.00311   1.668e-05    0.005597     0.07463  
lb/CLKGATE_RC_CG_HIER_INST116
                                0.003247    0.004048   1.721e-05    0.007312      0.0975  
lb/CLKGATE_RC_CG_HIER_INST117
                                0.002552    0.002887   2.107e-05    0.005459     0.07279  
lb/CLKGATE_RC_CG_HIER_INST118
                                0.002466     0.00278   1.668e-05    0.005262     0.07017  
lb/CLKGATE_RC_CG_HIER_INST119
                                0.002465    0.003078   1.668e-05    0.005561     0.07414  
lb/CLKGATE_RC_CG_HIER_INST120
                                0.002464    0.002942   1.668e-05    0.005423      0.0723  
lb/CLKGATE_RC_CG_HIER_INST121
                                0.002464    0.002591   1.668e-05    0.005071     0.06762  
lb/CLKGATE_RC_CG_HIER_INST122
                                0.002462    0.002385   1.668e-05    0.004863     0.06485  
lb/CLKGATE_RC_CG_HIER_INST123
                                0.002547    0.003302   2.107e-05     0.00587     0.07826  
lb/CLKGATE_RC_CG_HIER_INST124
                                0.002466    0.002764   1.668e-05    0.005246     0.06995  
lb/CLKGATE_RC_CG_HIER_INST125
                                0.002548    0.003297   2.107e-05    0.005865      0.0782  
lb/CLKGATE_RC_CG_HIER_INST126
                                 0.00324    0.003711   1.721e-05    0.006968     0.09291  
lb/CLKGATE_RC_CG_HIER_INST127
                                0.002464    0.002348   1.668e-05    0.004829     0.06439  
lb/CLKGATE_RC_CG_HIER_INST128
                                0.003228     0.00329   1.721e-05    0.006535     0.08714  
lb/CLKGATE_RC_CG_HIER_INST129
                                0.002467    0.003001   1.668e-05    0.005484     0.07312  
lb/CLKGATE_RC_CG_HIER_INST130
                                0.003239     0.00355   1.721e-05    0.006807     0.09076  
lb/CLKGATE_RC_CG_HIER_INST131
                                0.002467     0.00267   1.668e-05    0.005154     0.06871  
lb/CLKGATE_RC_CG_HIER_INST132
                                0.002463    0.002455   1.668e-05    0.004935      0.0658  
lb/CLKGATE_RC_CG_HIER_INST133
                                0.002466    0.002796   1.668e-05    0.005279     0.07038  
lb/CLKGATE_RC_CG_HIER_INST134
                                0.002466    0.002997   1.668e-05     0.00548     0.07306  
lb/CLKGATE_RC_CG_HIER_INST135
                                0.002464     0.00284   1.668e-05    0.005321     0.07094  
lb/CLKGATE_RC_CG_HIER_INST136
                                0.002463    0.002924   1.668e-05    0.005404     0.07205  
lb/CLKGATE_RC_CG_HIER_INST137
                                0.002461    0.002353   1.668e-05     0.00483     0.06441  
lb/CLKGATE_RC_CG_HIER_INST138
                                0.002464    0.003106   1.668e-05    0.005586     0.07448  
lb/CLKGATE_RC_CG_HIER_INST139
                                0.002463     0.00271   1.668e-05     0.00519      0.0692  
lb/CLKGATE_RC_CG_HIER_INST140
                                0.003234    0.003238   1.721e-05     0.00649     0.08654  
lb/CLKGATE_RC_CG_HIER_INST141
                                0.003237    0.003379   1.721e-05    0.006633     0.08844  
lb/CLKGATE_RC_CG_HIER_INST142
                                0.002462    0.002788   1.668e-05    0.005267     0.07022  
lb/CLKGATE_RC_CG_HIER_INST143
                                0.002465    0.003106   1.668e-05    0.005588      0.0745  
lb/CLKGATE_RC_CG_HIER_INST144
                                0.002462    0.002734   1.668e-05    0.005212      0.0695  
lb/CLKGATE_RC_CG_HIER_INST145
                                0.002467    0.002725   1.668e-05    0.005209     0.06945  
lb/CLKGATE_RC_CG_HIER_INST146
                                0.002461    0.002733   1.668e-05    0.005211     0.06948  
lb/CLKGATE_RC_CG_HIER_INST147
                                0.002464    0.003159   1.668e-05     0.00564      0.0752  
lb/CLKGATE_RC_CG_HIER_INST148
                                0.002459    0.002538   1.668e-05    0.005014     0.06685  
lb/CLKGATE_RC_CG_HIER_INST149
                                0.002466    0.003207   1.668e-05     0.00569     0.07586  
lb/CLKGATE_RC_CG_HIER_INST150
                                0.002459    0.003206   1.668e-05    0.005681     0.07575  
lb/CLKGATE_RC_CG_HIER_INST151
                                0.002463    0.002926   1.668e-05    0.005405     0.07207  
lb/CLKGATE_RC_CG_HIER_INST152
                                0.002464    0.002561   1.668e-05    0.005042     0.06723  
lb/CLKGATE_RC_CG_HIER_INST153
                                0.002462    0.002385   1.668e-05    0.004864     0.06485  
lb/CLKGATE_RC_CG_HIER_INST154
                                0.002456    0.002206   1.668e-05    0.004678     0.06238  
lb/CLKGATE_RC_CG_HIER_INST155
                                0.003235    0.003231   1.721e-05    0.006484     0.08645  
lb/CLKGATE_RC_CG_HIER_INST156
                                0.003233    0.003642   1.721e-05    0.006892     0.09189  
lb/CLKGATE_RC_CG_HIER_INST157
                                0.002463    0.003005   1.668e-05    0.005484     0.07313  
lb/CLKGATE_RC_CG_HIER_INST158
                                0.002459    0.002221   1.668e-05    0.004697     0.06262  
lb/CLKGATE_RC_CG_HIER_INST159
                                0.002464     0.00212   1.668e-05      0.0046     0.06134  
lb/CLKGATE_RC_CG_HIER_INST160
                                0.002462    0.002646   1.668e-05    0.005125     0.06833  
lb/CLKGATE_RC_CG_HIER_INST161
                                0.002463    0.002635   1.668e-05    0.005114     0.06819  
lb/CLKGATE_RC_CG_HIER_INST162
                                0.002464    0.002982   1.668e-05    0.005462     0.07283  
lb/CLKGATE_RC_CG_HIER_INST163
                                0.002464    0.003061   1.668e-05    0.005541     0.07389  
lb/CLKGATE_RC_CG_HIER_INST164
                                0.002462    0.002969   1.668e-05    0.005447     0.07263  
lb/CLKGATE_RC_CG_HIER_INST165
                                0.003236    0.003362   1.721e-05    0.006615      0.0882  
lb/CLKGATE_RC_CG_HIER_INST166
                                0.002469    0.003017   1.668e-05    0.005502     0.07337  
lb/CLKGATE_RC_CG_HIER_INST167
                                0.003243    0.003753   1.721e-05    0.007014     0.09352  
lb/CLKGATE_RC_CG_HIER_INST168
                                0.002469    0.002782   1.668e-05    0.005268     0.07024  
lb/CLKGATE_RC_CG_HIER_INST169
                                0.002468     0.00284   1.668e-05    0.005325       0.071  
lb/CLKGATE_RC_CG_HIER_INST170
                                0.003243    0.003367   1.721e-05    0.006627     0.08836  
lb/CLKGATE_RC_CG_HIER_INST171
                                0.002456    0.002614   1.668e-05    0.005087     0.06783  
lb/CLKGATE_RC_CG_HIER_INST172
                                0.002469    0.002689   1.668e-05    0.005175       0.069  
lb/CLKGATE_RC_CG_HIER_INST173
                                0.002469     0.00271   1.668e-05    0.005196     0.06929  
lb/CLKGATE_RC_CG_HIER_INST174
                                0.002458    0.003038   1.668e-05    0.005513     0.07351  
lb/CLKGATE_RC_CG_HIER_INST175
                                0.002467    0.002981   1.668e-05    0.005465     0.07287  
lb/CLKGATE_RC_CG_HIER_INST176
                                0.002544     0.00356   2.107e-05    0.006124     0.08166  
lb/CLKGATE_RC_CG_HIER_INST177
                                0.002465    0.002159   1.668e-05    0.004641     0.06188  
lb/CLKGATE_RC_CG_HIER_INST178
                                0.002459    0.002928   1.668e-05    0.005404     0.07205  
lb/CLKGATE_RC_CG_HIER_INST179
                                0.003242    0.003406   1.721e-05    0.006665     0.08887  
lb/CLKGATE_RC_CG_HIER_INST180
                                0.002542    0.003178   2.107e-05    0.005742     0.07656  
lb/CLKGATE_RC_CG_HIER_INST181
                                0.002467    0.002627   1.668e-05     0.00511     0.06814  
lb/CLKGATE_RC_CG_HIER_INST182
                                0.003234    0.003351   1.721e-05    0.006602     0.08803  
lb/CLKGATE_RC_CG_HIER_INST183
                                0.002462    0.002408   1.668e-05    0.004887     0.06516  
lb/CLKGATE_RC_CG_HIER_INST184
                                0.003234    0.003241   1.721e-05    0.006492     0.08655  
lb/CLKGATE_RC_CG_HIER_INST185
                                 0.00323    0.003375   1.721e-05    0.006623      0.0883  
lb/CLKGATE_RC_CG_HIER_INST186
                                0.002471    0.002666   1.668e-05    0.005154     0.06871  
lb/CLKGATE_RC_CG_HIER_INST187
                                0.002459    0.003193   1.668e-05    0.005669     0.07559  
lb/CLKGATE_RC_CG_HIER_INST188
                                0.002468    0.002831   1.668e-05    0.005316     0.07088  
lb/CLKGATE_RC_CG_HIER_INST189
                                0.002463    0.002811   1.668e-05     0.00529     0.07054  
lb/CLKGATE_RC_CG_HIER_INST190
                                 0.00246    0.002804   1.668e-05     0.00528      0.0704  
lb/CLKGATE_RC_CG_HIER_INST191
                                0.002464    0.002476   1.668e-05    0.004957     0.06609  
lb/CLKGATE_RC_CG_HIER_INST192
                                0.002461    0.003169   1.668e-05    0.005647     0.07529  
lb/CLKGATE_RC_CG_HIER_INST193
                                0.002462     0.00267   1.668e-05    0.005149     0.06866  
lb/CLKGATE_RC_CG_HIER_INST194
                                0.002468    0.002548   1.668e-05    0.005033      0.0671  
lb/CLKGATE_RC_CG_HIER_INST195
                                0.003232    0.003278   1.721e-05    0.006527     0.08703  
lb/CLKGATE_RC_CG_HIER_INST196
                                0.003232    0.003451   1.721e-05      0.0067     0.08934  
lb/CLKGATE_RC_CG_HIER_INST197
                                0.002462    0.002708   1.668e-05    0.005187     0.06916  
lb/CLKGATE_RC_CG_HIER_INST198
                                0.002461    0.003079   1.668e-05    0.005557     0.07409  
lb/CLKGATE_RC_CG_HIER_INST199
                                0.003236    0.003333   1.721e-05    0.006587     0.08783  
lb/CLKGATE_RC_CG_HIER_INST200
                                 0.00246    0.002915   1.668e-05    0.005392     0.07189  
lb/CLKGATE_RC_CG_HIER_INST201
                                0.003245    0.004232   1.721e-05    0.007494     0.09992  
lb/CLKGATE_RC_CG_HIER_INST202
                                0.002462    0.002394   1.668e-05    0.004873     0.06497  
lb/CLKGATE_RC_CG_HIER_INST203
                                 0.00324    0.003649   1.721e-05    0.006906     0.09208  
lb/CLKGATE_RC_CG_HIER_INST204
                                0.003234    0.003401   1.721e-05    0.006652     0.08869  
lb/CLKGATE_RC_CG_HIER_INST205
                                0.002465    0.003048   1.668e-05     0.00553     0.07373  
lb/CLKGATE_RC_CG_HIER_INST206
                                0.002467    0.003078   1.668e-05    0.005561     0.07415  
lb/CLKGATE_RC_CG_HIER_INST207
                                0.003242    0.003893   1.721e-05    0.007153     0.09537  
lb/CLKGATE_RC_CG_HIER_INST208
                                0.002464    0.002741   1.668e-05    0.005222     0.06962  
lb/CLKGATE_RC_CG_HIER_INST209
                                0.002465    0.002438   1.668e-05     0.00492      0.0656  
lb/CLKGATE_RC_CG_HIER_INST210
                                0.002467    0.003166   1.668e-05     0.00565     0.07533  
lb/CLKGATE_RC_CG_HIER_INST211
                                0.002466    0.003022   1.668e-05    0.005504     0.07339  
lb/CLKGATE_RC_CG_HIER_INST212
                                0.002468    0.003092   1.668e-05    0.005576     0.07435  
lb/CLKGATE_RC_CG_HIER_INST213
                                0.003239    0.003271   1.721e-05    0.006527     0.08703  
lb/CLKGATE_RC_CG_HIER_INST214
                                0.002464    0.002543   1.668e-05    0.005024     0.06698  
lb/CLKGATE_RC_CG_HIER_INST215
                                0.003241    0.003697   1.721e-05    0.006955     0.09273  
lb/CLKGATE_RC_CG_HIER_INST216
                                0.002469    0.003121   1.668e-05    0.005606     0.07475  
lb/CLKGATE_RC_CG_HIER_INST217
                                0.002464    0.003095   1.668e-05    0.005575     0.07434  
lb/CLKGATE_RC_CG_HIER_INST218
                                 0.00324    0.003386   1.721e-05    0.006643     0.08857  
lb/CLKGATE_RC_CG_HIER_INST219
                                0.002465    0.003101   1.668e-05    0.005582     0.07443  
lb/CLKGATE_RC_CG_HIER_INST220
                                 0.00247    0.002415   1.668e-05    0.004901     0.06535  
lb/CLKGATE_RC_CG_HIER_INST221
                                0.002465    0.002941   1.668e-05    0.005422      0.0723  
lb/CLKGATE_RC_CG_HIER_INST222
                                0.002466    0.002832   1.668e-05    0.005314     0.07086  
lb/CLKGATE_RC_CG_HIER_INST223
                                0.002457    0.002323   1.668e-05    0.004797     0.06396  
lb/CLKGATE_RC_CG_HIER_INST224
                                0.002466    0.002747   1.668e-05    0.005229     0.06973  
lb/CLKGATE_RC_CG_HIER_INST225
                                0.002457    0.002524   1.668e-05    0.004998     0.06664  
lb/CLKGATE_RC_CG_HIER_INST226
                                0.002466    0.003106   1.668e-05    0.005588     0.07451  
lb/CLKGATE_RC_CG_HIER_INST227
                                0.002459    0.002626   1.668e-05    0.005101     0.06802  
lb/CLKGATE_RC_CG_HIER_INST228
                                0.002464    0.002462   1.668e-05    0.004943      0.0659  
lb/CLKGATE_RC_CG_HIER_INST229
                                0.002456    0.002532   1.668e-05    0.005005     0.06673  
lb/CLKGATE_RC_CG_HIER_INST230
                                 0.00246    0.002378   1.668e-05    0.004855     0.06473  
lb/CLKGATE_RC_CG_HIER_INST231
                                0.002469    0.003225   1.668e-05     0.00571     0.07614  
lb/CLKGATE_RC_CG_HIER_INST232
                                0.002465    0.002801   1.668e-05    0.005282     0.07043  
lb/CLKGATE_RC_CG_HIER_INST233
                                0.002467    0.002382   1.668e-05    0.004866     0.06488  
lb/CLKGATE_RC_CG_HIER_INST234
                                0.002467    0.002544   1.668e-05    0.005028     0.06703  
lb/CLKGATE_RC_CG_HIER_INST235
                                 0.00247       0.003   1.668e-05    0.005486     0.07315  
lb/CLKGATE_RC_CG_HIER_INST236
                                0.002471     0.00302   1.668e-05    0.005508     0.07344  
lb/CLKGATE_RC_CG_HIER_INST237
                                0.002469    0.003084   1.668e-05     0.00557     0.07427  
lb/CLKGATE_RC_CG_HIER_INST238
                                0.002457    0.002267   1.668e-05    0.004741     0.06321  
lb/CLKGATE_RC_CG_HIER_INST239
                                0.002463    0.002903   1.668e-05    0.005382     0.07176  
lb/CLKGATE_RC_CG_HIER_INST240
                                0.002462    0.002468   1.668e-05    0.004947     0.06596  
lb/CLKGATE_RC_CG_HIER_INST241
                                0.002465    0.002844   1.668e-05    0.005325       0.071  
lb/CLKGATE_RC_CG_HIER_INST242
                                0.002457    0.002298   1.668e-05    0.004771     0.06361  
lb/CLKGATE_RC_CG_HIER_INST243
                                0.002464    0.002776   1.668e-05    0.005257      0.0701  
lb/CLKGATE_RC_CG_HIER_INST244
                                0.003239    0.003729   1.721e-05    0.006985     0.09314  
lb/CLKGATE_RC_CG_HIER_INST245
                                0.003235    0.003292   1.721e-05    0.006544     0.08725  
lb/CLKGATE_RC_CG_HIER_INST246
                                0.002464    0.002602   1.668e-05    0.005083     0.06777  
lb/CLKGATE_RC_CG_HIER_INST247
                                0.002464    0.002687   1.668e-05    0.005168     0.06891  
lb/CLKGATE_RC_CG_HIER_INST248
                                0.002461    0.002662   1.668e-05    0.005139     0.06852  
lb/CLKGATE_RC_CG_HIER_INST249
                                0.002464    0.003133   1.668e-05    0.005614     0.07485  
lb/CLKGATE_RC_CG_HIER_INST250
                                0.002461    0.002428   1.668e-05    0.004906     0.06541  
lb/CLKGATE_RC_CG_HIER_INST251
                                0.002463    0.002732   1.668e-05    0.005212     0.06949  
lb/CLKGATE_RC_CG_HIER_INST252
                                0.002462    0.002433   1.668e-05    0.004912     0.06549  
lb/CLKGATE_RC_CG_HIER_INST253
                                 0.00247     0.00309   1.668e-05    0.005577     0.07436  
lb/CLKGATE_RC_CG_HIER_INST254
                                0.002461    0.002811   1.668e-05    0.005288     0.07051  
lb/CLKGATE_RC_CG_HIER_INST255
                                0.002461      0.0024   1.668e-05    0.004878     0.06504  
lb/CLKGATE_RC_CG_HIER_INST256
                                0.002462     0.00294   1.668e-05    0.005419     0.07226  
lb/CLKGATE_RC_CG_HIER_INST257
                                 0.00247    0.002463   1.668e-05    0.004949     0.06599  
lb/CLKGATE_RC_CG_HIER_INST258
                                0.002462    0.002783   1.668e-05    0.005262     0.07016  
lb/CLKGATE_RC_CG_HIER_INST259
                                 0.00247    0.002668   1.668e-05    0.005155     0.06873  
lb/CLKGATE_RC_CG_HIER_INST260
                                0.002462    0.002313   1.668e-05    0.004792     0.06389  
lb/CLKGATE_RC_CG_HIER_INST261
                                0.002469    0.002415   1.668e-05    0.004901     0.06535  
lb/CLKGATE_RC_CG_HIER_INST262
                                0.003017    0.003201   1.625e-05    0.006235     0.08313  
lb/CLKGATE_RC_CG_HIER_INST263
                                0.003018     0.00371   1.625e-05    0.006744     0.08992  
lb/CLKGATE_RC_CG_HIER_INST264
                                0.003018     0.00364   1.625e-05    0.006674     0.08899  
lb/CLKGATE_RC_CG_HIER_INST265
                                0.002711    0.002556   1.655e-05    0.005283     0.07045  
lb/CLKGATE_RC_CG_HIER_INST266
                                0.002711     0.00274   1.655e-05    0.005468     0.07291  
lb/CLKGATE_RC_CG_HIER_INST267
                                0.002711    0.002676   1.655e-05    0.005404     0.07205  
lb/CLKGATE_RC_CG_HIER_INST268
                                0.002712    0.002944   1.655e-05    0.005672     0.07562  
lb/CLKGATE_RC_CG_HIER_INST269
                                0.002712    0.002929   1.655e-05    0.005658     0.07543  
lb/CLKGATE_RC_CG_HIER_INST270
                                0.002719    0.003137   1.655e-05    0.005872      0.0783  
lb/CLKGATE_RC_CG_HIER_INST271
                                0.002719     0.00354   1.655e-05    0.006276     0.08368  
lb/CLKGATE_RC_CG_HIER_INST272
                                0.002719    0.003453   1.655e-05    0.006188     0.08251  
lb/CLKGATE_RC_CG_HIER_INST273
                                0.002853    0.002832    1.64e-05    0.005702     0.07602  
lb/CLKGATE_RC_CG_HIER_INST274
                                0.003013     0.00307   1.625e-05      0.0061     0.08134  
lb/CLKGATE_RC_CG_HIER_INST275
                                0.003017    0.003217   1.625e-05     0.00625     0.08334  
lb/CLKGATE_RC_CG_HIER_INST276
                                0.003019    0.003924   1.625e-05    0.006959     0.09278  


-----------------------------------------------------------------------------------------
*	Power Distribution Summary: 
*                Highest Average Power:       CTS_ccl_a_inv_00040 (sky130_fd_sc_hd__clkinv_8):          0.02406 
*                Highest Leakage Power: sg/WALLACE_CSA_DUMMY_OP_groupi_g392 (sky130_fd_sc_hd__fah_1):        2.867e-05 
*          Total Cap:      9.50526e-11 F
*          Total instances in design:  5442
*          Total instances in design with no power:     0
*          Total instances in design with no activity:     0
*          Total Fillers and Decap:     0
-----------------------------------------------------------------------------------------

