Chronologic VCS simulator copyright 1991-2020
Contains Synopsys proprietary information.
Compiler version Q-2020.03-SP1_Full64; Runtime version Q-2020.03-SP1_Full64;  May 11 22:35 2026
## bsg_mem_1r1w: instantiating width_p=          8, els_p=        128, read_write_same_addr_p=          1, harden_p=          0 (sobel_tb.dut.lb.line1_mem)
## bsg_mem_1r1w: instantiating width_p=          8, els_p=        128, read_write_same_addr_p=          1, harden_p=          0 (sobel_tb.dut.lb.line2_mem)
*Verdi* Loading libsscore_vcs202003.so
FSDB Dumper for VCS, Release Verdi_Q-2020.03-SP2-8, Linux x86_64/64bit, 08/31/2021
(C) 1996 - 2021 by Synopsys, Inc.
*Verdi* FSDB WARNING: The FSDB file already exists. Overwriting the FSDB file may crash the programs that are using this file.
*Verdi* : Create FSDB file 'waveform.fsdb'
*Verdi* : Begin traversing the scopes, layer (0).
*Verdi* : End of traversing.
============================================================
SOBEL EDGE DETECTION TESTBENCH START
============================================================
Image size                  = 128 x 128
Total input pixels expected = 16384
Expected valid edge outputs = 15876
Mode                        = ADAPTIVE THRESHOLD
Fixed threshold value       = 130

Density region boundaries:
  LEFT   region: col < 42
  CENTER region: 42 <= col < 85
  RIGHT  region: col >= 85

Coordinate meaning:
  debug_col/debug_row show the Sobel window coordinate.
  coord_pipe delays coordinates so edge_density sees coordinates aligned with valid_edge.
============================================================
sobel_tb.clk_gen with cycle_time_p       15000
## clock_watcher { NEGEDGE offset (after 0       cycles) 7500    ps (p/n phase ratio=1.000)} (sobel_tb.clk_watch)
Finished sending image frame.
============================================================
EDGE DENSITY ANALYSIS VALID
============================================================
Image partition summary:
  LEFT region   : col < 42
  CENTER region : 42 <= col < 85
  RIGHT region  : col >= 85

Accumulated edge counts:
  LEFT   edges = 1794
  CENTER edges = 2018
  RIGHT  edges = 2191

Navigation decision:
  nav_hint = 01 -> LEFT clearest -> DRIFT LEFT
============================================================
============================================================
SOBEL EDGE DETECTION TESTBENCH SUMMARY
============================================================
Image size                  = 128 x 128
Input pixels sent           = 16384
Expected input pixels       = 16384
Expected valid edge outputs = 15876
Counted valid edge outputs  = 15876
Edges detected              = 6003
Mode                        = ADAPTIVE THRESHOLD

Final edge density counts:
  LEFT   count = 1794
  CENTER count = 2018
  RIGHT  count = 2191
  nav_hint     = 01

nav_hint meaning:
  00 = center clearest, go straight
  01 = left clearest, drift left
  10 = right clearest, drift right
  11 = cluttered, slow/stop
============================================================
PASS: expected valid edge outputs = counted valid edge outputs.
PASS: 15876 = 15876
PASS: sobel_top adaptive threshold + edge density testbench completed.
$finish called from file "v/sobel_tb.v", line 440.
$finish at simulation time            261247500
           V C S   S i m u l a t i o n   R e p o r t 
Time: 261247500 ps
CPU Time:      0.250 seconds;       Data structure size:   0.0Mb
Mon May 11 22:35:19 2026
